#
# There is insufficient memory for the Java Runtime Environment to continue.
# Native memory allocation (mmap) failed to map 65536 bytes for Failed to commit metaspace.
# Possible reasons:
#   The system is out of physical RAM or swap space
#   The process is running with CompressedOops enabled, and the Java Heap may be blocking the growth of the native heap
# Possible solutions:
#   Reduce memory load on the system
#   Increase physical memory or swap space
#   Check if swap backing store is full
#   Decrease Java heap size (-Xmx/-Xms)
#   Decrease number of Java threads
#   Decrease Java thread stack sizes (-Xss)
#   Set larger code cache with -XX:ReservedCodeCacheSize=
#   JVM is running with Unscaled Compressed Oops mode in which the Java heap is
#     placed in the first 4GB address space. The Java Heap base address is the
#     maximum limit for the native heap growth. Please use -XX:HeapBaseMinAddress
#     to set the Java Heap base and to place the Java Heap above 4GB virtual address.
# This output file may be truncated or incomplete.
#
#  Out of Memory Error (virtualSpaceNode.cpp:110), pid=3448, tid=13216
#
# JRE version: OpenJDK Runtime Environment (17.0.7) (build 17.0.7+0-b2043.56-10550314)
# Java VM: OpenJDK 64-Bit Server VM (17.0.7+0-b2043.56-10550314, mixed mode, tiered, compressed oops, compressed class ptrs, g1 gc, windows-amd64)
# No core dump will be written. Minidumps are not enabled by default on client versions of Windows
#

---------------  S U M M A R Y ------------

Command Line: --add-opens=java.base/java.util=ALL-UNNAMED --add-opens=java.base/java.lang=ALL-UNNAMED --add-opens=java.base/java.lang.invoke=ALL-UNNAMED --add-opens=java.prefs/java.util.prefs=ALL-UNNAMED --add-opens=java.base/java.nio.charset=ALL-UNNAMED --add-opens=java.base/java.net=ALL-UNNAMED --add-opens=java.base/java.util.concurrent.atomic=ALL-UNNAMED -Xmx2048m -Dfile.encoding=UTF-8 -Duser.country=FR -Duser.language=fr -Duser.variant -javaagent:C:\Users\MY PC\.gradle\wrapper\dists\gradle-8.2.1-all\d8pvvlun5bx6sdtwqhf8y9z4b\gradle-8.2.1\lib\agents\gradle-instrumentation-agent-8.2.1.jar org.gradle.launcher.daemon.bootstrap.GradleDaemon 8.2.1

Host: Intel(R) Core(TM) i5-4200U CPU @ 1.60GHz, 4 cores, 7G,  Windows 10 , 64 bit Build 17763 (10.0.17763.475)
Time: Thu Jan  1 11:32:38 2026 Afr. centrale Ouest elapsed time: 2978.151716 seconds (0d 0h 49m 38s)

---------------  T H R E A D  ---------------

Current thread (0x000001528e5f68c0):  JavaThread "Memory manager" [_thread_in_vm, id=13216, stack(0x0000004a99b00000,0x0000004a99c00000)]

Stack: [0x0000004a99b00000,0x0000004a99c00000]
Native frames: (J=compiled Java code, j=interpreted, Vv=VM code, C=native code)
V  [jvm.dll+0x683bfa]
V  [jvm.dll+0x8430a4]
V  [jvm.dll+0x8449be]
V  [jvm.dll+0x845023]
V  [jvm.dll+0x24ad2f]
V  [jvm.dll+0x83e45b]
V  [jvm.dll+0x6281e6]
V  [jvm.dll+0x1c29ee]
V  [jvm.dll+0x62ab31]
V  [jvm.dll+0x628b86]
V  [jvm.dll+0x372362]
V  [jvm.dll+0x1e66ab]
V  [jvm.dll+0x54a206]
V  [jvm.dll+0x7bd775]
V  [jvm.dll+0x7bd88e]
V  [jvm.dll+0x413a8a]
V  [jvm.dll+0x419c09]
C  [java.dll+0x17ec]

Java frames: (J=compiled Java code, j=interpreted, Vv=VM code)
J 860  java.lang.ClassLoader.defineClass1(Ljava/lang/ClassLoader;Ljava/lang/String;[BIILjava/security/ProtectionDomain;Ljava/lang/String;)Ljava/lang/Class; java.base@17.0.7 (0 bytes) @ 0x00000152f76e4adb [0x00000152f76e4a20+0x00000000000000bb]
J 9485 c1 java.lang.System$2.defineClass(Ljava/lang/ClassLoader;Ljava/lang/String;[BLjava/security/ProtectionDomain;Ljava/lang/String;)Ljava/lang/Class; java.base@17.0.7 (14 bytes) @ 0x00000152f0cc484c [0x00000152f0cc47c0+0x000000000000008c]
j  jdk.internal.reflect.ClassDefiner.defineClass(Ljava/lang/String;[BIILjava/lang/ClassLoader;)Ljava/lang/Class;+27 java.base@17.0.7
j  jdk.internal.reflect.MethodAccessorGenerator$1.run()Ljdk/internal/reflect/MagicAccessorImpl;+21 java.base@17.0.7
j  jdk.internal.reflect.MethodAccessorGenerator$1.run()Ljava/lang/Object;+1 java.base@17.0.7
J 12080 c2 java.security.AccessController.doPrivileged(Ljava/security/PrivilegedAction;)Ljava/lang/Object; java.base@17.0.7 (9 bytes) @ 0x00000152f7dbf950 [0x00000152f7dbf920+0x0000000000000030]
j  jdk.internal.reflect.MethodAccessorGenerator.generate(Ljava/lang/Class;Ljava/lang/String;[Ljava/lang/Class;Ljava/lang/Class;[Ljava/lang/Class;IZZLjava/lang/Class;)Ljdk/internal/reflect/MagicAccessorImpl;+755 java.base@17.0.7
j  jdk.internal.reflect.MethodAccessorGenerator.generateMethod(Ljava/lang/Class;Ljava/lang/String;[Ljava/lang/Class;Ljava/lang/Class;[Ljava/lang/Class;I)Ljdk/internal/reflect/MethodAccessor;+13 java.base@17.0.7
J 2434 c1 jdk.internal.reflect.NativeMethodAccessorImpl.invoke(Ljava/lang/Object;[Ljava/lang/Object;)Ljava/lang/Object; java.base@17.0.7 (137 bytes) @ 0x00000152f00a3ef4 [0x00000152f00a36e0+0x0000000000000814]
J 7620 c2 java.lang.reflect.Method.invoke(Ljava/lang/Object;[Ljava/lang/Object;)Ljava/lang/Object; java.base@17.0.7 (65 bytes) @ 0x00000152f7a92ecc [0x00000152f7a92e40+0x000000000000008c]
j  sun.reflect.misc.Trampoline.invoke(Ljava/lang/reflect/Method;Ljava/lang/Object;[Ljava/lang/Object;)Ljava/lang/Object;+7
j  jdk.internal.reflect.GeneratedMethodAccessor64.invoke(Ljava/lang/Object;[Ljava/lang/Object;)Ljava/lang/Object;+40
J 7620 c2 java.lang.reflect.Method.invoke(Ljava/lang/Object;[Ljava/lang/Object;)Ljava/lang/Object; java.base@17.0.7 (65 bytes) @ 0x00000152f7a92ecc [0x00000152f7a92e40+0x000000000000008c]
j  sun.reflect.misc.MethodUtil.invoke(Ljava/lang/reflect/Method;Ljava/lang/Object;[Ljava/lang/Object;)Ljava/lang/Object;+20 java.base@17.0.7
j  com.sun.jmx.mbeanserver.ConvertingMethod.invokeWithOpenReturn(Ljava/lang/Object;[Ljava/lang/Object;)Ljava/lang/Object;+42 java.management@17.0.7
j  com.sun.jmx.mbeanserver.ConvertingMethod.invokeWithOpenReturn(Lcom/sun/jmx/mbeanserver/MXBeanLookup;Ljava/lang/Object;[Ljava/lang/Object;)Ljava/lang/Object;+12 java.management@17.0.7
j  com.sun.jmx.mbeanserver.MXBeanIntrospector.invokeM2(Lcom/sun/jmx/mbeanserver/ConvertingMethod;Ljava/lang/Object;[Ljava/lang/Object;Ljava/lang/Object;)Ljava/lang/Object;+8 java.management@17.0.7
j  com.sun.jmx.mbeanserver.MXBeanIntrospector.invokeM2(Ljava/lang/Object;Ljava/lang/Object;[Ljava/lang/Object;Ljava/lang/Object;)Ljava/lang/Object;+9 java.management@17.0.7
j  com.sun.jmx.mbeanserver.MBeanIntrospector.invokeM(Ljava/lang/Object;Ljava/lang/Object;[Ljava/lang/Object;Ljava/lang/Object;)Ljava/lang/Object;+6 java.management@17.0.7
j  com.sun.jmx.mbeanserver.PerInterface.getAttribute(Ljava/lang/Object;Ljava/lang/String;Ljava/lang/Object;)Ljava/lang/Object;+71 java.management@17.0.7
j  com.sun.jmx.mbeanserver.MBeanSupport.getAttribute(Ljava/lang/String;)Ljava/lang/Object;+13 java.management@17.0.7
j  javax.management.StandardMBean.getAttribute(Ljava/lang/String;)Ljava/lang/Object;+5 java.management@17.0.7
j  com.sun.jmx.interceptor.DefaultMBeanServerInterceptor.getAttribute(Ljavax/management/ObjectName;Ljava/lang/String;)Ljava/lang/Object;+104 java.management@17.0.7
j  com.sun.jmx.mbeanserver.JmxMBeanServer.getAttribute(Ljavax/management/ObjectName;Ljava/lang/String;)Ljava/lang/Object;+10 java.management@17.0.7
j  org.gradle.process.internal.health.memory.MBeanAttributeProvider.getMbeanAttribute(Ljava/lang/String;Ljava/lang/String;Ljava/lang/Class;)Ljava/lang/Object;+17
j  org.gradle.process.internal.health.memory.MBeanOsMemoryInfo.getOsSnapshot()Lorg/gradle/process/internal/health/memory/OsMemoryStatus;+22
j  org.gradle.process.internal.health.memory.DefaultOsMemoryInfo.getOsSnapshot()Lorg/gradle/process/internal/health/memory/OsMemoryStatus;+4
j  org.gradle.process.internal.health.memory.DefaultMemoryManager$MemoryCheck.run()V+17
J 9143 c2 org.gradle.internal.concurrent.ExecutorPolicy$CatchAndRecordFailures.onExecute(Ljava/lang/Runnable;)V (29 bytes) @ 0x00000152f7b9ac68 [0x00000152f7b9ac20+0x0000000000000048]
J 6658 c1 org.gradle.internal.concurrent.AbstractManagedExecutor$1.run()V (57 bytes) @ 0x00000152f06dfa2c [0x00000152f06df880+0x00000000000001ac]
J 7267 c1 java.util.concurrent.Executors$RunnableAdapter.call()Ljava/lang/Object; java.base@17.0.7 (14 bytes) @ 0x00000152f08463c4 [0x00000152f08462c0+0x0000000000000104]
J 7219 c1 java.util.concurrent.FutureTask.runAndReset()Z java.base@17.0.7 (125 bytes) @ 0x00000152f081adcc [0x00000152f081a5e0+0x00000000000007ec]
J 7218 c1 java.util.concurrent.ScheduledThreadPoolExecutor$ScheduledFutureTask.run()V java.base@17.0.7 (57 bytes) @ 0x00000152f0819d7c [0x00000152f0819ba0+0x00000000000001dc]
j  java.util.concurrent.ThreadPoolExecutor.runWorker(Ljava/util/concurrent/ThreadPoolExecutor$Worker;)V+92 java.base@17.0.7
j  java.util.concurrent.ThreadPoolExecutor$Worker.run()V+5 java.base@17.0.7
j  java.lang.Thread.run()V+11 java.base@17.0.7
v  ~StubRoutines::call_stub

---------------  P R O C E S S  ---------------

Threads class SMR info:
_java_thread_list=0x00000152902b7c70, length=67, elements={
0x00000152eaf27dd0, 0x0000015286512350, 0x0000015286513bd0, 0x00000152867ba5d0,
0x00000152867bae90, 0x00000152867bc920, 0x00000152867bdda0, 0x00000152867dd820,
0x00000152867de540, 0x00000152867e1270, 0x000001528649b8e0, 0x0000015286acb320,
0x000001528d76c790, 0x000001528cd8ac20, 0x000001528c43e110, 0x000001528cfa14e0,
0x000001528cfa1e80, 0x000001528cfa2350, 0x000001528cfa0b40, 0x000001528cf9ee60,
0x000001528cfa1010, 0x000001528cf9fcd0, 0x000001528cf9f330, 0x000001528cf9e990,
0x000001528cb25e80, 0x000001528cb29d10, 0x000001528cb27690, 0x000001528d114d00,
0x000001528d113e90, 0x000001528d115b70, 0x000001528d1134f0, 0x000001528d112680,
0x000001528d117380, 0x000001528d1139c0, 0x000001528d1169e0, 0x000001528d116eb0,
0x000001528d114360, 0x000001528d117d20, 0x000001528d110e70, 0x000001528d114830,
0x000001528d116510, 0x000001528d111340, 0x000001528cb28ea0, 0x000001528cb23800,
0x000001528cb26350, 0x000001528cb26820, 0x000001528cb23cd0, 0x000001528cb26cf0,
0x000001528cb289d0, 0x000001528cb271c0, 0x000001528cb259b0, 0x000001528cb27b60,
0x000001528d116040, 0x000001528cfa0670, 0x0000015290fd52a0, 0x0000015290fd65e0,
0x0000015290fd6f80, 0x0000015290fd4430, 0x0000015290fd3f60, 0x0000015290fd6ab0,
0x0000015290fd6110, 0x0000015290fd35c0, 0x0000015290fd5770, 0x0000015290fd4900,
0x0000015290fd4dd0, 0x000001528e5f68c0, 0x000001528e1c43c0
}

Java Threads: ( => current thread )
  0x00000152eaf27dd0 JavaThread "main" [_thread_blocked, id=8332, stack(0x0000004a95700000,0x0000004a95800000)]
  0x0000015286512350 JavaThread "Reference Handler" daemon [_thread_blocked, id=2632, stack(0x0000004a95e00000,0x0000004a95f00000)]
  0x0000015286513bd0 JavaThread "Finalizer" daemon [_thread_blocked, id=8644, stack(0x0000004a95f00000,0x0000004a96000000)]
  0x00000152867ba5d0 JavaThread "Signal Dispatcher" daemon [_thread_blocked, id=5444, stack(0x0000004a96000000,0x0000004a96100000)]
  0x00000152867bae90 JavaThread "Attach Listener" daemon [_thread_blocked, id=11164, stack(0x0000004a96100000,0x0000004a96200000)]
  0x00000152867bc920 JavaThread "Service Thread" daemon [_thread_blocked, id=9544, stack(0x0000004a96200000,0x0000004a96300000)]
  0x00000152867bdda0 JavaThread "Monitor Deflation Thread" daemon [_thread_blocked, id=8472, stack(0x0000004a96300000,0x0000004a96400000)]
  0x00000152867dd820 JavaThread "C2 CompilerThread0" daemon [_thread_blocked, id=10552, stack(0x0000004a96400000,0x0000004a96500000)]
  0x00000152867de540 JavaThread "C1 CompilerThread0" daemon [_thread_in_vm, id=4452, stack(0x0000004a96500000,0x0000004a96600000)]
  0x00000152867e1270 JavaThread "Sweeper thread" daemon [_thread_blocked, id=6072, stack(0x0000004a96600000,0x0000004a96700000)]
  0x000001528649b8e0 JavaThread "Common-Cleaner" daemon [_thread_blocked, id=10272, stack(0x0000004a96700000,0x0000004a96800000)]
  0x0000015286acb320 JavaThread "Notification Thread" daemon [_thread_blocked, id=4968, stack(0x0000004a96800000,0x0000004a96900000)]
  0x000001528d76c790 JavaThread "Daemon health stats" [_thread_blocked, id=4696, stack(0x0000004a96e00000,0x0000004a96f00000)]
  0x000001528cd8ac20 JavaThread "Incoming local TCP Connector on port 50780" [_thread_in_native, id=6256, stack(0x0000004a96f00000,0x0000004a97000000)]
  0x000001528c43e110 JavaThread "Daemon periodic checks" [_thread_blocked, id=1360, stack(0x0000004a97000000,0x0000004a97100000)]
  0x000001528cfa14e0 JavaThread "Cache worker for journal cache (C:\Users\MY PC\.gradle\caches\journal-1)" [_thread_blocked, id=3904, stack(0x0000004a96a00000,0x0000004a96b00000)]
  0x000001528cfa1e80 JavaThread "File lock request listener" [_thread_in_native, id=11456, stack(0x0000004a97800000,0x0000004a97900000)]
  0x000001528cfa2350 JavaThread "Cache worker for file hash cache (C:\Users\MY PC\.gradle\caches\8.2.1\fileHashes)" [_thread_blocked, id=6820, stack(0x0000004a97900000,0x0000004a97a00000)]
  0x000001528cfa0b40 JavaThread "File watcher server" daemon [_thread_in_vm, id=10000, stack(0x0000004a97b00000,0x0000004a97c00000)]
  0x000001528cf9ee60 JavaThread "File watcher consumer" daemon [_thread_blocked, id=4144, stack(0x0000004a97c00000,0x0000004a97d00000)]
  0x000001528cfa1010 JavaThread "jar transforms" [_thread_blocked, id=11796, stack(0x0000004a97d00000,0x0000004a97e00000)]
  0x000001528cf9fcd0 JavaThread "jar transforms Thread 2" [_thread_blocked, id=5256, stack(0x0000004a97e00000,0x0000004a97f00000)]
  0x000001528cf9f330 JavaThread "jar transforms Thread 3" [_thread_blocked, id=9024, stack(0x0000004a97f00000,0x0000004a98000000)]
  0x000001528cf9e990 JavaThread "jar transforms Thread 4" [_thread_blocked, id=12104, stack(0x0000004a98000000,0x0000004a98100000)]
  0x000001528cb25e80 JavaThread "Cache worker for file content cache (C:\Users\MY PC\.gradle\caches\8.2.1\fileContent)" [_thread_blocked, id=11416, stack(0x0000004a98200000,0x0000004a98300000)]
  0x000001528cb29d10 JavaThread "Cache worker for execution history cache (C:\Users\MY PC\.gradle\caches\8.2.1\executionHistory)" [_thread_blocked, id=788, stack(0x0000004a98600000,0x0000004a98700000)]
  0x000001528cb27690 JavaThread "Cache worker for kotlin-dsl (C:\Users\MY PC\.gradle\caches\8.2.1\kotlin-dsl)" [_thread_blocked, id=6088, stack(0x0000004a98700000,0x0000004a98800000)]
  0x000001528d114d00 JavaThread "Daemon Thread 3" [_thread_blocked, id=3248, stack(0x0000004a95400000,0x0000004a95500000)]
  0x000001528d113e90 JavaThread "Handler for socket connection from /127.0.0.1:50780 to /127.0.0.1:50930" [_thread_in_native, id=12804, stack(0x0000004a95500000,0x0000004a95600000)]
  0x000001528d115b70 JavaThread "Cancel handler" [_thread_blocked, id=5152, stack(0x0000004a95600000,0x0000004a95700000)]
  0x000001528d1134f0 JavaThread "Daemon worker Thread 3" [_thread_in_vm, id=6180, stack(0x0000004a97100000,0x0000004a97200000)]
  0x000001528d112680 JavaThread "Asynchronous log dispatcher for DefaultDaemonConnection: socket connection from /127.0.0.1:50780 to /127.0.0.1:50930" [_thread_blocked, id=11492, stack(0x0000004a97200000,0x0000004a97300000)]
  0x000001528d117380 JavaThread "Daemon client event forwarder" [_thread_blocked, id=8848, stack(0x0000004a97400000,0x0000004a97500000)]
  0x000001528d1139c0 JavaThread "Cache worker for checksums cache (C:\Users\MY PC\AndroidStudioProjects\Miniprojet\.gradle\8.2.1\checksums)" [_thread_blocked, id=6500, stack(0x0000004a97500000,0x0000004a97600000)]
  0x000001528d1169e0 JavaThread "Cache worker for cache directory md-rule (C:\Users\MY PC\.gradle\caches\8.2.1\md-rule)" [_thread_blocked, id=4640, stack(0x0000004a97600000,0x0000004a97700000)]
  0x000001528d116eb0 JavaThread "Cache worker for file hash cache (C:\Users\MY PC\AndroidStudioProjects\Miniprojet\.gradle\8.2.1\fileHashes)" [_thread_blocked, id=13012, stack(0x0000004a97700000,0x0000004a97800000)]
  0x000001528d114360 JavaThread "Cache worker for cache directory md-supplier (C:\Users\MY PC\.gradle\caches\8.2.1\md-supplier)" [_thread_blocked, id=9876, stack(0x0000004a97a00000,0x0000004a97b00000)]
  0x000001528d117d20 JavaThread "Cache worker for dependencies-accessors (C:\Users\MY PC\AndroidStudioProjects\Miniprojet\.gradle\8.2.1\dependencies-accessors)" [_thread_blocked, id=7220, stack(0x0000004a98100000,0x0000004a98200000)]
  0x000001528d110e70 JavaThread "Cache worker for Build Output Cleanup Cache (C:\Users\MY PC\AndroidStudioProjects\Miniprojet\.gradle\buildOutputCleanup)" [_thread_blocked, id=7264, stack(0x0000004a98300000,0x0000004a98400000)]
  0x000001528d114830 JavaThread "Unconstrained build operations" [_thread_blocked, id=6392, stack(0x0000004a98800000,0x0000004a98900000)]
  0x000001528d116510 JavaThread "Unconstrained build operations Thread 2" [_thread_blocked, id=10608, stack(0x0000004a98900000,0x0000004a98a00000)]
  0x000001528d111340 JavaThread "Unconstrained build operations Thread 3" [_thread_blocked, id=6824, stack(0x0000004a98a00000,0x0000004a98b00000)]
  0x000001528cb28ea0 JavaThread "Unconstrained build operations Thread 4" [_thread_blocked, id=11028, stack(0x0000004a98b00000,0x0000004a98c00000)]
  0x000001528cb23800 JavaThread "Unconstrained build operations Thread 5" [_thread_blocked, id=9656, stack(0x0000004a98c00000,0x0000004a98d00000)]
  0x000001528cb26350 JavaThread "Unconstrained build operations Thread 6" [_thread_blocked, id=8996, stack(0x0000004a98d00000,0x0000004a98e00000)]
  0x000001528cb26820 JavaThread "Unconstrained build operations Thread 7" [_thread_blocked, id=12680, stack(0x0000004a98e00000,0x0000004a98f00000)]
  0x000001528cb23cd0 JavaThread "Unconstrained build operations Thread 8" [_thread_blocked, id=11704, stack(0x0000004a98f00000,0x0000004a99000000)]
  0x000001528cb26cf0 JavaThread "Unconstrained build operations Thread 9" [_thread_blocked, id=3488, stack(0x0000004a99000000,0x0000004a99100000)]
  0x000001528cb289d0 JavaThread "Unconstrained build operations Thread 10" [_thread_blocked, id=12444, stack(0x0000004a99100000,0x0000004a99200000)]
  0x000001528cb271c0 JavaThread "Unconstrained build operations Thread 11" [_thread_blocked, id=10932, stack(0x0000004a99200000,0x0000004a99300000)]
  0x000001528cb259b0 JavaThread "Unconstrained build operations Thread 12" [_thread_blocked, id=12012, stack(0x0000004a99300000,0x0000004a99400000)]
  0x000001528cb27b60 JavaThread "Unconstrained build operations Thread 13" [_thread_blocked, id=8856, stack(0x0000004a99400000,0x0000004a99500000)]
  0x000001528d116040 JavaThread "Unconstrained build operations Thread 14" [_thread_blocked, id=11812, stack(0x0000004a97300000,0x0000004a97400000)]
  0x000001528cfa0670 JavaThread "Unconstrained build operations Thread 15" [_thread_blocked, id=13064, stack(0x0000004a99500000,0x0000004a99600000)]
  0x0000015290fd52a0 JavaThread "Unconstrained build operations Thread 16" [_thread_blocked, id=9344, stack(0x0000004a99600000,0x0000004a99700000)]
  0x0000015290fd65e0 JavaThread "Unconstrained build operations Thread 17" [_thread_blocked, id=12688, stack(0x0000004a99700000,0x0000004a99800000)]
  0x0000015290fd6f80 JavaThread "Unconstrained build operations Thread 18" [_thread_blocked, id=9012, stack(0x0000004a99800000,0x0000004a99900000)]
  0x0000015290fd4430 JavaThread "Unconstrained build operations Thread 19" [_thread_blocked, id=11740, stack(0x0000004a99900000,0x0000004a99a00000)]
  0x0000015290fd3f60 JavaThread "Unconstrained build operations Thread 20" [_thread_blocked, id=8648, stack(0x0000004a99a00000,0x0000004a99b00000)]
  0x0000015290fd6ab0 JavaThread "Unconstrained build operations Thread 21" [_thread_blocked, id=10804, stack(0x0000004a99d00000,0x0000004a99e00000)]
  0x0000015290fd6110 JavaThread "Unconstrained build operations Thread 22" [_thread_blocked, id=9440, stack(0x0000004a99e00000,0x0000004a99f00000)]
  0x0000015290fd35c0 JavaThread "Unconstrained build operations Thread 23" [_thread_blocked, id=3120, stack(0x0000004a99f00000,0x0000004a9a000000)]
  0x0000015290fd5770 JavaThread "Unconstrained build operations Thread 24" [_thread_blocked, id=2480, stack(0x0000004a9a000000,0x0000004a9a100000)]
  0x0000015290fd4900 JavaThread "Unconstrained build operations Thread 25" [_thread_blocked, id=6112, stack(0x0000004a9a100000,0x0000004a9a200000)]
  0x0000015290fd4dd0 JavaThread "Unconstrained build operations Thread 26" [_thread_blocked, id=8692, stack(0x0000004a9a200000,0x0000004a9a300000)]
=>0x000001528e5f68c0 JavaThread "Memory manager" [_thread_in_vm, id=13216, stack(0x0000004a99b00000,0x0000004a99c00000)]
  0x000001528e1c43c0 JavaThread "build event listener" [_thread_blocked, id=11108, stack(0x0000004a9a300000,0x0000004a9a400000)]

Other Threads:
  0x000001528650e630 VMThread "VM Thread" [stack: 0x0000004a95d00000,0x0000004a95e00000] [id=7272] _threads_hazard_ptr=0x00000152902b7c70
  0x00000152eaf95260 WatcherThread [stack: 0x0000004a96900000,0x0000004a96a00000] [id=10940]
  0x00000152eaede850 GCTaskThread "GC Thread#0" [stack: 0x0000004a95800000,0x0000004a95900000] [id=3748]
  0x000001528b177360 GCTaskThread "GC Thread#1" [stack: 0x0000004a96b00000,0x0000004a96c00000] [id=7800]
  0x000001528b177610 GCTaskThread "GC Thread#2" [stack: 0x0000004a96c00000,0x0000004a96d00000] [id=6564]
  0x000001528b176c50 GCTaskThread "GC Thread#3" [stack: 0x0000004a96d00000,0x0000004a96e00000] [id=1200]
  0x00000152eaf8d5d0 ConcurrentGCThread "G1 Main Marker" [stack: 0x0000004a95900000,0x0000004a95a00000] [id=3696]
  0x00000152eaf8ddf0 ConcurrentGCThread "G1 Conc#0" [stack: 0x0000004a95a00000,0x0000004a95b00000] [id=11268]
  0x00000152eafd69a0 ConcurrentGCThread "G1 Refine#0" [stack: 0x0000004a95b00000,0x0000004a95c00000] [id=2008]
  0x000001528f143cc0 ConcurrentGCThread "G1 Refine#1" [stack: 0x0000004a98400000,0x0000004a98500000] [id=10788]
  0x00000152eafd71d0 ConcurrentGCThread "G1 Service" [stack: 0x0000004a95c00000,0x0000004a95d00000] [id=5188]

Threads with active compile tasks:
C1 CompilerThread0  2984302 16126       3       com.google.common.collect.MapMakerInternalMap$Segment::removeFromChain (67 bytes)

VM state: synchronizing (normal execution)

VM Mutex/Monitor currently owned by a thread:  ([mutex/lock_event])
[0x00000152eaf15550] Metaspace_lock - owner thread: 0x000001528e5f68c0
[0x00000152eaf22af0] Threads_lock - owner thread: 0x000001528650e630
[0x00000152eaf22ee0] MethodData_lock - owner thread: 0x00000152867de540

Heap address: 0x0000000080000000, size: 2048 MB, Compressed Oops mode: 32-bit

CDS archive(s) not mapped
Compressed class space mapped at: 0x0000000100000000-0x0000000140000000, reserved size: 1073741824
Narrow klass base: 0x0000000000000000, Narrow klass shift: 3, Narrow klass range: 0x140000000

GC Precious Log:
 CPUs: 4 total, 4 available
 Memory: 8117M
 Large Page Support: Disabled
 NUMA Support: Disabled
 Compressed Oops: Enabled (32-bit)
 Heap Region Size: 1M
 Heap Min Capacity: 8M
 Heap Initial Capacity: 128M
 Heap Max Capacity: 2G
 Pre-touch: Disabled
 Parallel Workers: 4
 Concurrent Workers: 1
 Concurrent Refinement Workers: 4
 Periodic GC: Disabled

Heap:
 garbage-first heap   total 296960K, used 208912K [0x0000000080000000, 0x0000000100000000)
  region size 1024K, 92 young (94208K), 5 survivors (5120K)
 Metaspace       used 100258K, committed 101056K, reserved 1179648K
  class space    used 13482K, committed 13824K, reserved 1048576K

Heap Regions: E=young(eden), S=young(survivor), O=old, HS=humongous(starts), HC=humongous(continues), CS=collection set, F=free, OA=open archive, CA=closed archive, TAMS=top-at-mark-start (previous, next)
|   0|0x0000000080000000, 0x0000000080100000, 0x0000000080100000|100%| O|  |TAMS 0x0000000080100000, 0x0000000080000000| Untracked 
|   1|0x0000000080100000, 0x0000000080200000, 0x0000000080200000|100%| O|  |TAMS 0x0000000080200000, 0x0000000080100000| Untracked 
|   2|0x0000000080200000, 0x0000000080300000, 0x0000000080300000|100%|HS|  |TAMS 0x0000000080300000, 0x0000000080200000| Complete 
|   3|0x0000000080300000, 0x0000000080400000, 0x0000000080400000|100%|HC|  |TAMS 0x0000000080400000, 0x0000000080300000| Complete 
|   4|0x0000000080400000, 0x0000000080500000, 0x0000000080500000|100%|HC|  |TAMS 0x0000000080500000, 0x0000000080400000| Complete 
|   5|0x0000000080500000, 0x0000000080600000, 0x0000000080600000|100%|HC|  |TAMS 0x0000000080600000, 0x0000000080500000| Complete 
|   6|0x0000000080600000, 0x0000000080700000, 0x0000000080700000|100%| O|  |TAMS 0x0000000080700000, 0x0000000080600000| Untracked 
|   7|0x0000000080700000, 0x0000000080800000, 0x0000000080800000|100%| O|  |TAMS 0x0000000080800000, 0x0000000080700000| Untracked 
|   8|0x0000000080800000, 0x0000000080900000, 0x0000000080900000|100%| O|  |TAMS 0x0000000080900000, 0x0000000080800000| Untracked 
|   9|0x0000000080900000, 0x0000000080a00000, 0x0000000080a00000|100%| O|  |TAMS 0x0000000080a00000, 0x0000000080900000| Untracked 
|  10|0x0000000080a00000, 0x0000000080b00000, 0x0000000080b00000|100%| O|  |TAMS 0x0000000080b00000, 0x0000000080a00000| Untracked 
|  11|0x0000000080b00000, 0x0000000080c00000, 0x0000000080c00000|100%| O|  |TAMS 0x0000000080c00000, 0x0000000080b00000| Untracked 
|  12|0x0000000080c00000, 0x0000000080d00000, 0x0000000080d00000|100%| O|  |TAMS 0x0000000080d00000, 0x0000000080c00000| Untracked 
|  13|0x0000000080d00000, 0x0000000080e00000, 0x0000000080e00000|100%| O|  |TAMS 0x0000000080e00000, 0x0000000080d00000| Untracked 
|  14|0x0000000080e00000, 0x0000000080f00000, 0x0000000080f00000|100%| O|  |TAMS 0x0000000080f00000, 0x0000000080e00000| Untracked 
|  15|0x0000000080f00000, 0x0000000081000000, 0x0000000081000000|100%| O|  |TAMS 0x0000000081000000, 0x0000000080f00000| Untracked 
|  16|0x0000000081000000, 0x0000000081100000, 0x0000000081100000|100%| O|  |TAMS 0x0000000081100000, 0x0000000081000000| Untracked 
|  17|0x0000000081100000, 0x0000000081200000, 0x0000000081200000|100%| O|  |TAMS 0x0000000081200000, 0x0000000081100000| Untracked 
|  18|0x0000000081200000, 0x0000000081300000, 0x0000000081300000|100%| O|  |TAMS 0x0000000081300000, 0x0000000081200000| Untracked 
|  19|0x0000000081300000, 0x0000000081400000, 0x0000000081400000|100%|HS|  |TAMS 0x0000000081400000, 0x0000000081300000| Complete 
|  20|0x0000000081400000, 0x0000000081500000, 0x0000000081500000|100%|HC|  |TAMS 0x0000000081500000, 0x0000000081400000| Complete 
|  21|0x0000000081500000, 0x0000000081600000, 0x0000000081600000|100%|HS|  |TAMS 0x0000000081600000, 0x0000000081500000| Complete 
|  22|0x0000000081600000, 0x0000000081700000, 0x0000000081700000|100%|HC|  |TAMS 0x0000000081700000, 0x0000000081600000| Complete 
|  23|0x0000000081700000, 0x0000000081800000, 0x0000000081800000|100%|HC|  |TAMS 0x0000000081800000, 0x0000000081700000| Complete 
|  24|0x0000000081800000, 0x0000000081900000, 0x0000000081900000|100%| O|  |TAMS 0x0000000081900000, 0x0000000081800000| Untracked 
|  25|0x0000000081900000, 0x0000000081a00000, 0x0000000081a00000|100%| O|  |TAMS 0x0000000081a00000, 0x0000000081900000| Untracked 
|  26|0x0000000081a00000, 0x0000000081b00000, 0x0000000081b00000|100%| O|  |TAMS 0x0000000081b00000, 0x0000000081a00000| Untracked 
|  27|0x0000000081b00000, 0x0000000081c00000, 0x0000000081c00000|100%|HS|  |TAMS 0x0000000081c00000, 0x0000000081b00000| Complete 
|  28|0x0000000081c00000, 0x0000000081d00000, 0x0000000081d00000|100%|HC|  |TAMS 0x0000000081d00000, 0x0000000081c00000| Complete 
|  29|0x0000000081d00000, 0x0000000081e00000, 0x0000000081e00000|100%| O|  |TAMS 0x0000000081e00000, 0x0000000081d00000| Untracked 
|  30|0x0000000081e00000, 0x0000000081f00000, 0x0000000081f00000|100%| O|  |TAMS 0x0000000081f00000, 0x0000000081e00000| Untracked 
|  31|0x0000000081f00000, 0x0000000081fdea00, 0x0000000082000000| 86%| O|  |TAMS 0x0000000081fdea00, 0x0000000081f00000| Untracked 
|  32|0x0000000082000000, 0x0000000082100000, 0x0000000082100000|100%|HS|  |TAMS 0x0000000082100000, 0x0000000082000000| Complete 
|  33|0x0000000082100000, 0x0000000082200000, 0x0000000082200000|100%|HC|  |TAMS 0x0000000082200000, 0x0000000082100000| Complete 
|  34|0x0000000082200000, 0x0000000082300000, 0x0000000082300000|100%|HC|  |TAMS 0x0000000082300000, 0x0000000082200000| Complete 
|  35|0x0000000082300000, 0x0000000082400000, 0x0000000082400000|100%|HC|  |TAMS 0x0000000082400000, 0x0000000082300000| Complete 
|  36|0x0000000082400000, 0x0000000082500000, 0x0000000082500000|100%|HC|  |TAMS 0x0000000082500000, 0x0000000082400000| Complete 
|  37|0x0000000082500000, 0x0000000082600000, 0x0000000082600000|100%|HC|  |TAMS 0x0000000082600000, 0x0000000082500000| Complete 
|  38|0x0000000082600000, 0x0000000082700000, 0x0000000082700000|100%|HC|  |TAMS 0x0000000082700000, 0x0000000082600000| Complete 
|  39|0x0000000082700000, 0x0000000082800000, 0x0000000082800000|100%|HC|  |TAMS 0x0000000082800000, 0x0000000082700000| Complete 
|  40|0x0000000082800000, 0x0000000082900000, 0x0000000082900000|100%|HC|  |TAMS 0x0000000082900000, 0x0000000082800000| Complete 
|  41|0x0000000082900000, 0x0000000082a00000, 0x0000000082a00000|100%|HC|  |TAMS 0x0000000082a00000, 0x0000000082900000| Complete 
|  42|0x0000000082a00000, 0x0000000082b00000, 0x0000000082b00000|100%|HC|  |TAMS 0x0000000082b00000, 0x0000000082a00000| Complete 
|  43|0x0000000082b00000, 0x0000000082c00000, 0x0000000082c00000|100%|HC|  |TAMS 0x0000000082c00000, 0x0000000082b00000| Complete 
|  44|0x0000000082c00000, 0x0000000082d00000, 0x0000000082d00000|100%|HS|  |TAMS 0x0000000082d00000, 0x0000000082c00000| Complete 
|  45|0x0000000082d00000, 0x0000000082e00000, 0x0000000082e00000|100%|HC|  |TAMS 0x0000000082e00000, 0x0000000082d00000| Complete 
|  46|0x0000000082e00000, 0x0000000082f00000, 0x0000000082f00000|100%| O|  |TAMS 0x0000000082f00000, 0x0000000082e00000| Untracked 
|  47|0x0000000082f00000, 0x0000000083000000, 0x0000000083000000|100%| O|  |TAMS 0x0000000083000000, 0x0000000082f00000| Untracked 
|  48|0x0000000083000000, 0x0000000083100000, 0x0000000083100000|100%|HS|  |TAMS 0x0000000083100000, 0x0000000083000000| Complete 
|  49|0x0000000083100000, 0x0000000083200000, 0x0000000083200000|100%| O|  |TAMS 0x0000000083200000, 0x0000000083100000| Untracked 
|  50|0x0000000083200000, 0x0000000083300000, 0x0000000083300000|100%| O|  |TAMS 0x0000000083300000, 0x0000000083200000| Untracked 
|  51|0x0000000083300000, 0x0000000083400000, 0x0000000083400000|100%| O|  |TAMS 0x0000000083400000, 0x0000000083300000| Untracked 
|  52|0x0000000083400000, 0x0000000083500000, 0x0000000083500000|100%| O|  |TAMS 0x0000000083500000, 0x0000000083400000| Untracked 
|  53|0x0000000083500000, 0x0000000083500000, 0x0000000083600000|  0%| F|  |TAMS 0x0000000083500000, 0x0000000083500000| Untracked 
|  54|0x0000000083600000, 0x0000000083700000, 0x0000000083700000|100%| O|  |TAMS 0x0000000083700000, 0x0000000083600000| Untracked 
|  55|0x0000000083700000, 0x0000000083800000, 0x0000000083800000|100%|HS|  |TAMS 0x0000000083800000, 0x0000000083700000| Complete 
|  56|0x0000000083800000, 0x0000000083900000, 0x0000000083900000|100%|HC|  |TAMS 0x0000000083900000, 0x0000000083800000| Complete 
|  57|0x0000000083900000, 0x0000000083a00000, 0x0000000083a00000|100%|HC|  |TAMS 0x0000000083a00000, 0x0000000083900000| Complete 
|  58|0x0000000083a00000, 0x0000000083b00000, 0x0000000083b00000|100%| O|  |TAMS 0x0000000083a00000, 0x0000000083a00000| Untracked 
|  59|0x0000000083b00000, 0x0000000083bc6a00, 0x0000000083c00000| 77%| O|  |TAMS 0x0000000083bc6a00, 0x0000000083b00000| Untracked 
|  60|0x0000000083c00000, 0x0000000083d00000, 0x0000000083d00000|100%| O|  |TAMS 0x0000000083d00000, 0x0000000083c00000| Untracked 
|  61|0x0000000083d00000, 0x0000000083e00000, 0x0000000083e00000|100%| O|  |TAMS 0x0000000083e00000, 0x0000000083d00000| Untracked 
|  62|0x0000000083e00000, 0x0000000083f00000, 0x0000000083f00000|100%| O|  |TAMS 0x0000000083f00000, 0x0000000083e00000| Untracked 
|  63|0x0000000083f00000, 0x0000000084000000, 0x0000000084000000|100%| O|  |TAMS 0x0000000084000000, 0x0000000083f00000| Untracked 
|  64|0x0000000084000000, 0x0000000084100000, 0x0000000084100000|100%| O|  |TAMS 0x0000000084100000, 0x0000000084000000| Untracked 
|  65|0x0000000084100000, 0x0000000084200000, 0x0000000084200000|100%| O|  |TAMS 0x0000000084200000, 0x0000000084100000| Untracked 
|  66|0x0000000084200000, 0x0000000084300000, 0x0000000084300000|100%| O|  |TAMS 0x0000000084300000, 0x0000000084200000| Untracked 
|  67|0x0000000084300000, 0x0000000084400000, 0x0000000084400000|100%| O|  |TAMS 0x0000000084400000, 0x0000000084300000| Untracked 
|  68|0x0000000084400000, 0x0000000084500000, 0x0000000084500000|100%|HS|  |TAMS 0x0000000084500000, 0x0000000084400000| Complete 
|  69|0x0000000084500000, 0x0000000084600000, 0x0000000084600000|100%| O|  |TAMS 0x0000000084600000, 0x0000000084500000| Untracked 
|  70|0x0000000084600000, 0x0000000084700000, 0x0000000084700000|100%| O|  |TAMS 0x0000000084700000, 0x0000000084600000| Untracked 
|  71|0x0000000084700000, 0x0000000084800000, 0x0000000084800000|100%| O|  |TAMS 0x0000000084800000, 0x0000000084700000| Untracked 
|  72|0x0000000084800000, 0x0000000084900000, 0x0000000084900000|100%|HS|  |TAMS 0x0000000084900000, 0x0000000084800000| Complete 
|  73|0x0000000084900000, 0x0000000084a00000, 0x0000000084a00000|100%| O|  |TAMS 0x0000000084a00000, 0x0000000084900000| Untracked 
|  74|0x0000000084a00000, 0x0000000084b00000, 0x0000000084b00000|100%| O|  |TAMS 0x0000000084b00000, 0x0000000084a00000| Untracked 
|  75|0x0000000084b00000, 0x0000000084b00000, 0x0000000084c00000|  0%| F|  |TAMS 0x0000000084b00000, 0x0000000084b00000| Untracked 
|  76|0x0000000084c00000, 0x0000000084d00000, 0x0000000084d00000|100%| O|  |TAMS 0x0000000084d00000, 0x0000000084c00000| Untracked 
|  77|0x0000000084d00000, 0x0000000084e00000, 0x0000000084e00000|100%| O|  |TAMS 0x0000000084e00000, 0x0000000084d00000| Untracked 
|  78|0x0000000084e00000, 0x0000000084f00000, 0x0000000084f00000|100%| O|  |TAMS 0x0000000084f00000, 0x0000000084e00000| Untracked 
|  79|0x0000000084f00000, 0x0000000085000000, 0x0000000085000000|100%|HS|  |TAMS 0x0000000085000000, 0x0000000084f00000| Complete 
|  80|0x0000000085000000, 0x0000000085100000, 0x0000000085100000|100%|HC|  |TAMS 0x0000000085100000, 0x0000000085000000| Complete 
|  81|0x0000000085100000, 0x0000000085200000, 0x0000000085200000|100%|HS|  |TAMS 0x0000000085200000, 0x0000000085100000| Complete 
|  82|0x0000000085200000, 0x0000000085300000, 0x0000000085300000|100%|HC|  |TAMS 0x0000000085300000, 0x0000000085200000| Complete 
|  83|0x0000000085300000, 0x0000000085400000, 0x0000000085400000|100%|HS|  |TAMS 0x0000000085400000, 0x0000000085300000| Complete 
|  84|0x0000000085400000, 0x0000000085500000, 0x0000000085500000|100%|HS|  |TAMS 0x0000000085500000, 0x0000000085400000| Complete 
|  85|0x0000000085500000, 0x0000000085600000, 0x0000000085600000|100%|HC|  |TAMS 0x0000000085600000, 0x0000000085500000| Complete 
|  86|0x0000000085600000, 0x0000000085700000, 0x0000000085700000|100%|HC|  |TAMS 0x0000000085700000, 0x0000000085600000| Complete 
|  87|0x0000000085700000, 0x0000000085800000, 0x0000000085800000|100%|HC|  |TAMS 0x0000000085800000, 0x0000000085700000| Complete 
|  88|0x0000000085800000, 0x0000000085900000, 0x0000000085900000|100%| O|  |TAMS 0x0000000085900000, 0x0000000085800000| Untracked 
|  89|0x0000000085900000, 0x0000000085a00000, 0x0000000085a00000|100%| O|  |TAMS 0x0000000085900000, 0x0000000085900000| Untracked 
|  90|0x0000000085a00000, 0x0000000085b00000, 0x0000000085b00000|100%| O|  |TAMS 0x0000000085b00000, 0x0000000085a00000| Untracked 
|  91|0x0000000085b00000, 0x0000000085c00000, 0x0000000085c00000|100%| O|  |TAMS 0x0000000085c00000, 0x0000000085b00000| Untracked 
|  92|0x0000000085c00000, 0x0000000085d00000, 0x0000000085d00000|100%| O|  |TAMS 0x0000000085d00000, 0x0000000085c00000| Untracked 
|  93|0x0000000085d00000, 0x0000000085e00000, 0x0000000085e00000|100%| O|  |TAMS 0x0000000085e00000, 0x0000000085d00000| Untracked 
|  94|0x0000000085e00000, 0x0000000085f00000, 0x0000000085f00000|100%| O|  |TAMS 0x0000000085f00000, 0x0000000085e00000| Untracked 
|  95|0x0000000085f00000, 0x0000000086000000, 0x0000000086000000|100%| O|  |TAMS 0x0000000086000000, 0x0000000085f00000| Untracked 
|  96|0x0000000086000000, 0x0000000086100000, 0x0000000086100000|100%| O|  |TAMS 0x0000000086100000, 0x0000000086000000| Untracked 
|  97|0x0000000086100000, 0x0000000086200000, 0x0000000086200000|100%| O|  |TAMS 0x0000000086200000, 0x0000000086100000| Untracked 
|  98|0x0000000086200000, 0x0000000086200000, 0x0000000086300000|  0%| F|  |TAMS 0x0000000086200000, 0x0000000086200000| Untracked 
|  99|0x0000000086300000, 0x0000000086400000, 0x0000000086400000|100%| O|  |TAMS 0x0000000086400000, 0x0000000086300000| Untracked 
| 100|0x0000000086400000, 0x0000000086500000, 0x0000000086500000|100%| O|  |TAMS 0x0000000086500000, 0x0000000086400000| Untracked 
| 101|0x0000000086500000, 0x0000000086600000, 0x0000000086600000|100%| O|  |TAMS 0x0000000086600000, 0x0000000086500000| Untracked 
| 102|0x0000000086600000, 0x0000000086700000, 0x0000000086700000|100%| O|  |TAMS 0x0000000086700000, 0x0000000086600000| Untracked 
| 103|0x0000000086700000, 0x0000000086800000, 0x0000000086800000|100%| O|  |TAMS 0x0000000086800000, 0x0000000086700000| Untracked 
| 104|0x0000000086800000, 0x0000000086900000, 0x0000000086900000|100%|HS|  |TAMS 0x0000000086900000, 0x0000000086800000| Complete 
| 105|0x0000000086900000, 0x0000000086a00000, 0x0000000086a00000|100%|HC|  |TAMS 0x0000000086a00000, 0x0000000086900000| Complete 
| 106|0x0000000086a00000, 0x0000000086b00000, 0x0000000086b00000|100%|HC|  |TAMS 0x0000000086b00000, 0x0000000086a00000| Complete 
| 107|0x0000000086b00000, 0x0000000086c00000, 0x0000000086c00000|100%|HC|  |TAMS 0x0000000086c00000, 0x0000000086b00000| Complete 
| 108|0x0000000086c00000, 0x0000000086d00000, 0x0000000086d00000|100%| O|  |TAMS 0x0000000086d00000, 0x0000000086c00000| Untracked 
| 109|0x0000000086d00000, 0x0000000086e00000, 0x0000000086e00000|100%| O|  |TAMS 0x0000000086e00000, 0x0000000086d00000| Untracked 
| 110|0x0000000086e00000, 0x0000000086f00000, 0x0000000086f00000|100%| O|  |TAMS 0x0000000086f00000, 0x0000000086e00000| Untracked 
| 111|0x0000000086f00000, 0x0000000087000000, 0x0000000087000000|100%| O|  |TAMS 0x0000000087000000, 0x0000000086f00000| Untracked 
| 112|0x0000000087000000, 0x0000000087000000, 0x0000000087100000|  0%| F|  |TAMS 0x0000000087000000, 0x0000000087000000| Untracked 
| 113|0x0000000087100000, 0x0000000087100000, 0x0000000087200000|  0%| F|  |TAMS 0x0000000087100000, 0x0000000087100000| Untracked 
| 114|0x0000000087200000, 0x0000000087200000, 0x0000000087300000|  0%| F|  |TAMS 0x0000000087200000, 0x0000000087200000| Untracked 
| 115|0x0000000087300000, 0x0000000087300000, 0x0000000087400000|  0%| F|  |TAMS 0x0000000087300000, 0x0000000087300000| Untracked 
| 116|0x0000000087400000, 0x0000000087400000, 0x0000000087500000|  0%| F|  |TAMS 0x0000000087400000, 0x0000000087400000| Untracked 
| 117|0x0000000087500000, 0x0000000087500000, 0x0000000087600000|  0%| F|  |TAMS 0x0000000087500000, 0x0000000087500000| Untracked 
| 118|0x0000000087600000, 0x0000000087700000, 0x0000000087700000|100%| O|  |TAMS 0x0000000087700000, 0x0000000087600000| Untracked 
| 119|0x0000000087700000, 0x0000000087800000, 0x0000000087800000|100%| O|  |TAMS 0x0000000087800000, 0x0000000087700000| Untracked 
| 120|0x0000000087800000, 0x0000000087900000, 0x0000000087900000|100%| O|  |TAMS 0x0000000087900000, 0x0000000087800000| Untracked 
| 121|0x0000000087900000, 0x0000000087a00000, 0x0000000087a00000|100%| O|  |TAMS 0x00000000879b2e00, 0x0000000087900000| Untracked 
| 122|0x0000000087a00000, 0x0000000087afae00, 0x0000000087b00000| 97%| O|  |TAMS 0x0000000087a00000, 0x0000000087a00000| Untracked 
| 123|0x0000000087b00000, 0x0000000087b00000, 0x0000000087c00000|  0%| F|  |TAMS 0x0000000087b00000, 0x0000000087b00000| Untracked 
| 124|0x0000000087c00000, 0x0000000087c00000, 0x0000000087d00000|  0%| F|  |TAMS 0x0000000087c00000, 0x0000000087c00000| Untracked 
| 125|0x0000000087d00000, 0x0000000087d00000, 0x0000000087e00000|  0%| F|  |TAMS 0x0000000087d00000, 0x0000000087d00000| Untracked 
| 126|0x0000000087e00000, 0x0000000087e00000, 0x0000000087f00000|  0%| F|  |TAMS 0x0000000087e00000, 0x0000000087e00000| Untracked 
| 127|0x0000000087f00000, 0x0000000087f00000, 0x0000000088000000|  0%| F|  |TAMS 0x0000000087f00000, 0x0000000087f00000| Untracked 
| 128|0x0000000088000000, 0x0000000088000000, 0x0000000088100000|  0%| F|  |TAMS 0x0000000088000000, 0x0000000088000000| Untracked 
| 129|0x0000000088100000, 0x0000000088100000, 0x0000000088200000|  0%| F|  |TAMS 0x0000000088100000, 0x0000000088100000| Untracked 
| 130|0x0000000088200000, 0x0000000088200000, 0x0000000088300000|  0%| F|  |TAMS 0x0000000088200000, 0x0000000088200000| Untracked 
| 131|0x0000000088300000, 0x0000000088300000, 0x0000000088400000|  0%| F|  |TAMS 0x0000000088300000, 0x0000000088300000| Untracked 
| 132|0x0000000088400000, 0x0000000088400000, 0x0000000088500000|  0%| F|  |TAMS 0x0000000088400000, 0x0000000088400000| Untracked 
| 133|0x0000000088500000, 0x0000000088500000, 0x0000000088600000|  0%| F|  |TAMS 0x0000000088500000, 0x0000000088500000| Untracked 
| 134|0x0000000088600000, 0x0000000088600000, 0x0000000088700000|  0%| F|  |TAMS 0x0000000088600000, 0x0000000088600000| Untracked 
| 135|0x0000000088700000, 0x0000000088700000, 0x0000000088800000|  0%| F|  |TAMS 0x0000000088700000, 0x0000000088700000| Untracked 
| 136|0x0000000088800000, 0x0000000088800000, 0x0000000088900000|  0%| F|  |TAMS 0x0000000088800000, 0x0000000088800000| Untracked 
| 137|0x0000000088900000, 0x0000000088900000, 0x0000000088a00000|  0%| F|  |TAMS 0x0000000088900000, 0x0000000088900000| Untracked 
| 138|0x0000000088a00000, 0x0000000088a00000, 0x0000000088b00000|  0%| F|  |TAMS 0x0000000088a00000, 0x0000000088a00000| Untracked 
| 139|0x0000000088b00000, 0x0000000088b00000, 0x0000000088c00000|  0%| F|  |TAMS 0x0000000088b00000, 0x0000000088b00000| Untracked 
| 140|0x0000000088c00000, 0x0000000088c00000, 0x0000000088d00000|  0%| F|  |TAMS 0x0000000088c00000, 0x0000000088c00000| Untracked 
| 141|0x0000000088d00000, 0x0000000088d00000, 0x0000000088e00000|  0%| F|  |TAMS 0x0000000088d00000, 0x0000000088d00000| Untracked 
| 142|0x0000000088e00000, 0x0000000088e00000, 0x0000000088f00000|  0%| F|  |TAMS 0x0000000088e00000, 0x0000000088e00000| Untracked 
| 143|0x0000000088f00000, 0x0000000088f00000, 0x0000000089000000|  0%| F|  |TAMS 0x0000000088f00000, 0x0000000088f00000| Untracked 
| 144|0x0000000089000000, 0x0000000089000000, 0x0000000089100000|  0%| F|  |TAMS 0x0000000089000000, 0x0000000089000000| Untracked 
| 145|0x0000000089100000, 0x0000000089100000, 0x0000000089200000|  0%| F|  |TAMS 0x0000000089100000, 0x0000000089100000| Untracked 
| 146|0x0000000089200000, 0x0000000089200000, 0x0000000089300000|  0%| F|  |TAMS 0x0000000089200000, 0x0000000089200000| Untracked 
| 147|0x0000000089300000, 0x0000000089300000, 0x0000000089400000|  0%| F|  |TAMS 0x0000000089300000, 0x0000000089300000| Untracked 
| 148|0x0000000089400000, 0x0000000089400000, 0x0000000089500000|  0%| F|  |TAMS 0x0000000089400000, 0x0000000089400000| Untracked 
| 149|0x0000000089500000, 0x0000000089500000, 0x0000000089600000|  0%| F|  |TAMS 0x0000000089500000, 0x0000000089500000| Untracked 
| 150|0x0000000089600000, 0x0000000089600000, 0x0000000089700000|  0%| F|  |TAMS 0x0000000089600000, 0x0000000089600000| Untracked 
| 151|0x0000000089700000, 0x0000000089700000, 0x0000000089800000|  0%| F|  |TAMS 0x0000000089700000, 0x0000000089700000| Untracked 
| 152|0x0000000089800000, 0x0000000089800000, 0x0000000089900000|  0%| F|  |TAMS 0x0000000089800000, 0x0000000089800000| Untracked 
| 153|0x0000000089900000, 0x0000000089900000, 0x0000000089a00000|  0%| F|  |TAMS 0x0000000089900000, 0x0000000089900000| Untracked 
| 154|0x0000000089a00000, 0x0000000089a63fc0, 0x0000000089b00000| 39%| S|CS|TAMS 0x0000000089a00000, 0x0000000089a00000| Complete 
| 155|0x0000000089b00000, 0x0000000089c00000, 0x0000000089c00000|100%| S|CS|TAMS 0x0000000089b00000, 0x0000000089b00000| Complete 
| 156|0x0000000089c00000, 0x0000000089c00000, 0x0000000089d00000|  0%| F|  |TAMS 0x0000000089c00000, 0x0000000089c00000| Untracked 
| 157|0x0000000089d00000, 0x0000000089d00000, 0x0000000089e00000|  0%| F|  |TAMS 0x0000000089d00000, 0x0000000089d00000| Untracked 
| 158|0x0000000089e00000, 0x0000000089e00000, 0x0000000089f00000|  0%| F|  |TAMS 0x0000000089e00000, 0x0000000089e00000| Untracked 
| 159|0x0000000089f00000, 0x000000008a000000, 0x000000008a000000|100%| S|CS|TAMS 0x0000000089f00000, 0x0000000089f00000| Complete 
| 160|0x000000008a000000, 0x000000008a100000, 0x000000008a100000|100%| S|CS|TAMS 0x000000008a000000, 0x000000008a000000| Complete 
| 161|0x000000008a100000, 0x000000008a200000, 0x000000008a200000|100%| S|CS|TAMS 0x000000008a100000, 0x000000008a100000| Complete 
| 162|0x000000008a200000, 0x000000008a200000, 0x000000008a300000|  0%| F|  |TAMS 0x000000008a200000, 0x000000008a200000| Untracked 
| 163|0x000000008a300000, 0x000000008a300000, 0x000000008a400000|  0%| F|  |TAMS 0x000000008a300000, 0x000000008a300000| Untracked 
| 164|0x000000008a400000, 0x000000008a400000, 0x000000008a500000|  0%| F|  |TAMS 0x000000008a400000, 0x000000008a400000| Untracked 
| 165|0x000000008a500000, 0x000000008a500000, 0x000000008a600000|  0%| F|  |TAMS 0x000000008a500000, 0x000000008a500000| Untracked 
| 166|0x000000008a600000, 0x000000008a600000, 0x000000008a700000|  0%| F|  |TAMS 0x000000008a600000, 0x000000008a600000| Untracked 
| 167|0x000000008a700000, 0x000000008a700000, 0x000000008a800000|  0%| F|  |TAMS 0x000000008a700000, 0x000000008a700000| Untracked 
| 168|0x000000008a800000, 0x000000008a800000, 0x000000008a900000|  0%| F|  |TAMS 0x000000008a800000, 0x000000008a800000| Untracked 
| 169|0x000000008a900000, 0x000000008a900000, 0x000000008aa00000|  0%| F|  |TAMS 0x000000008a900000, 0x000000008a900000| Untracked 
| 170|0x000000008aa00000, 0x000000008aa00000, 0x000000008ab00000|  0%| F|  |TAMS 0x000000008aa00000, 0x000000008aa00000| Untracked 
| 171|0x000000008ab00000, 0x000000008ab00000, 0x000000008ac00000|  0%| F|  |TAMS 0x000000008ab00000, 0x000000008ab00000| Untracked 
| 172|0x000000008ac00000, 0x000000008ac00000, 0x000000008ad00000|  0%| F|  |TAMS 0x000000008ac00000, 0x000000008ac00000| Untracked 
| 173|0x000000008ad00000, 0x000000008ad00000, 0x000000008ae00000|  0%| F|  |TAMS 0x000000008ad00000, 0x000000008ad00000| Untracked 
| 174|0x000000008ae00000, 0x000000008ae00000, 0x000000008af00000|  0%| F|  |TAMS 0x000000008ae00000, 0x000000008ae00000| Untracked 
| 175|0x000000008af00000, 0x000000008af00000, 0x000000008b000000|  0%| F|  |TAMS 0x000000008af00000, 0x000000008af00000| Untracked 
| 176|0x000000008b000000, 0x000000008b000000, 0x000000008b100000|  0%| F|  |TAMS 0x000000008b000000, 0x000000008b000000| Untracked 
| 177|0x000000008b100000, 0x000000008b100000, 0x000000008b200000|  0%| F|  |TAMS 0x000000008b100000, 0x000000008b100000| Untracked 
| 178|0x000000008b200000, 0x000000008b200000, 0x000000008b300000|  0%| F|  |TAMS 0x000000008b200000, 0x000000008b200000| Untracked 
| 179|0x000000008b300000, 0x000000008b300000, 0x000000008b400000|  0%| F|  |TAMS 0x000000008b300000, 0x000000008b300000| Untracked 
| 180|0x000000008b400000, 0x000000008b400000, 0x000000008b500000|  0%| F|  |TAMS 0x000000008b400000, 0x000000008b400000| Untracked 
| 181|0x000000008b500000, 0x000000008b500000, 0x000000008b600000|  0%| F|  |TAMS 0x000000008b500000, 0x000000008b500000| Untracked 
| 182|0x000000008b600000, 0x000000008b600000, 0x000000008b700000|  0%| F|  |TAMS 0x000000008b600000, 0x000000008b600000| Untracked 
| 183|0x000000008b700000, 0x000000008b700000, 0x000000008b800000|  0%| F|  |TAMS 0x000000008b700000, 0x000000008b700000| Untracked 
| 184|0x000000008b800000, 0x000000008b800000, 0x000000008b900000|  0%| F|  |TAMS 0x000000008b800000, 0x000000008b800000| Untracked 
| 185|0x000000008b900000, 0x000000008b900000, 0x000000008ba00000|  0%| F|  |TAMS 0x000000008b900000, 0x000000008b900000| Untracked 
| 186|0x000000008ba00000, 0x000000008ba00000, 0x000000008bb00000|  0%| F|  |TAMS 0x000000008ba00000, 0x000000008ba00000| Untracked 
| 187|0x000000008bb00000, 0x000000008bb00000, 0x000000008bc00000|  0%| F|  |TAMS 0x000000008bb00000, 0x000000008bb00000| Untracked 
| 188|0x000000008bc00000, 0x000000008bc00000, 0x000000008bd00000|  0%| F|  |TAMS 0x000000008bc00000, 0x000000008bc00000| Untracked 
| 189|0x000000008bd00000, 0x000000008bd00000, 0x000000008be00000|  0%| F|  |TAMS 0x000000008bd00000, 0x000000008bd00000| Untracked 
| 190|0x000000008be00000, 0x000000008be00000, 0x000000008bf00000|  0%| F|  |TAMS 0x000000008be00000, 0x000000008be00000| Untracked 
| 191|0x000000008bf00000, 0x000000008bf00000, 0x000000008c000000|  0%| F|  |TAMS 0x000000008bf00000, 0x000000008bf00000| Untracked 
| 192|0x000000008c000000, 0x000000008c000000, 0x000000008c100000|  0%| F|  |TAMS 0x000000008c000000, 0x000000008c000000| Untracked 
| 193|0x000000008c100000, 0x000000008c100000, 0x000000008c200000|  0%| F|  |TAMS 0x000000008c100000, 0x000000008c100000| Untracked 
| 194|0x000000008c200000, 0x000000008c200000, 0x000000008c300000|  0%| F|  |TAMS 0x000000008c200000, 0x000000008c200000| Untracked 
| 195|0x000000008c300000, 0x000000008c300000, 0x000000008c400000|  0%| F|  |TAMS 0x000000008c300000, 0x000000008c300000| Untracked 
| 196|0x000000008c400000, 0x000000008c400000, 0x000000008c500000|  0%| F|  |TAMS 0x000000008c400000, 0x000000008c400000| Untracked 
| 197|0x000000008c500000, 0x000000008c500000, 0x000000008c600000|  0%| F|  |TAMS 0x000000008c500000, 0x000000008c500000| Untracked 
| 198|0x000000008c600000, 0x000000008c600000, 0x000000008c700000|  0%| F|  |TAMS 0x000000008c600000, 0x000000008c600000| Untracked 
| 199|0x000000008c700000, 0x000000008c700000, 0x000000008c800000|  0%| F|  |TAMS 0x000000008c700000, 0x000000008c700000| Untracked 
| 200|0x000000008c800000, 0x000000008c800000, 0x000000008c900000|  0%| F|  |TAMS 0x000000008c800000, 0x000000008c800000| Untracked 
| 201|0x000000008c900000, 0x000000008c900000, 0x000000008ca00000|  0%| F|  |TAMS 0x000000008c900000, 0x000000008c900000| Untracked 
| 202|0x000000008ca00000, 0x000000008ca00000, 0x000000008cb00000|  0%| F|  |TAMS 0x000000008ca00000, 0x000000008ca00000| Untracked 
| 203|0x000000008cb00000, 0x000000008cb02a80, 0x000000008cc00000|  1%| E|  |TAMS 0x000000008cb00000, 0x000000008cb00000| Complete 
| 204|0x000000008cc00000, 0x000000008cd00000, 0x000000008cd00000|100%| E|CS|TAMS 0x000000008cc00000, 0x000000008cc00000| Complete 
| 205|0x000000008cd00000, 0x000000008ce00000, 0x000000008ce00000|100%| E|CS|TAMS 0x000000008cd00000, 0x000000008cd00000| Complete 
| 206|0x000000008ce00000, 0x000000008cf00000, 0x000000008cf00000|100%| E|CS|TAMS 0x000000008ce00000, 0x000000008ce00000| Complete 
| 207|0x000000008cf00000, 0x000000008d000000, 0x000000008d000000|100%| E|CS|TAMS 0x000000008cf00000, 0x000000008cf00000| Complete 
| 208|0x000000008d000000, 0x000000008d100000, 0x000000008d100000|100%| E|CS|TAMS 0x000000008d000000, 0x000000008d000000| Complete 
| 209|0x000000008d100000, 0x000000008d200000, 0x000000008d200000|100%| E|CS|TAMS 0x000000008d100000, 0x000000008d100000| Complete 
| 210|0x000000008d200000, 0x000000008d300000, 0x000000008d300000|100%| E|CS|TAMS 0x000000008d200000, 0x000000008d200000| Complete 
| 211|0x000000008d300000, 0x000000008d400000, 0x000000008d400000|100%| E|CS|TAMS 0x000000008d300000, 0x000000008d300000| Complete 
| 212|0x000000008d400000, 0x000000008d500000, 0x000000008d500000|100%| E|CS|TAMS 0x000000008d400000, 0x000000008d400000| Complete 
| 213|0x000000008d500000, 0x000000008d600000, 0x000000008d600000|100%| E|CS|TAMS 0x000000008d500000, 0x000000008d500000| Complete 
| 214|0x000000008d600000, 0x000000008d700000, 0x000000008d700000|100%| E|CS|TAMS 0x000000008d600000, 0x000000008d600000| Complete 
| 215|0x000000008d700000, 0x000000008d800000, 0x000000008d800000|100%| E|CS|TAMS 0x000000008d700000, 0x000000008d700000| Complete 
| 216|0x000000008d800000, 0x000000008d900000, 0x000000008d900000|100%| E|CS|TAMS 0x000000008d800000, 0x000000008d800000| Complete 
| 217|0x000000008d900000, 0x000000008da00000, 0x000000008da00000|100%| E|CS|TAMS 0x000000008d900000, 0x000000008d900000| Complete 
| 218|0x000000008da00000, 0x000000008db00000, 0x000000008db00000|100%| E|CS|TAMS 0x000000008da00000, 0x000000008da00000| Complete 
| 219|0x000000008db00000, 0x000000008dc00000, 0x000000008dc00000|100%| E|CS|TAMS 0x000000008db00000, 0x000000008db00000| Complete 
| 220|0x000000008dc00000, 0x000000008dd00000, 0x000000008dd00000|100%| E|CS|TAMS 0x000000008dc00000, 0x000000008dc00000| Complete 
| 221|0x000000008dd00000, 0x000000008de00000, 0x000000008de00000|100%| E|CS|TAMS 0x000000008dd00000, 0x000000008dd00000| Complete 
| 222|0x000000008de00000, 0x000000008df00000, 0x000000008df00000|100%| E|CS|TAMS 0x000000008de00000, 0x000000008de00000| Complete 
| 223|0x000000008df00000, 0x000000008e000000, 0x000000008e000000|100%| E|CS|TAMS 0x000000008df00000, 0x000000008df00000| Complete 
| 224|0x000000008e000000, 0x000000008e100000, 0x000000008e100000|100%| E|CS|TAMS 0x000000008e000000, 0x000000008e000000| Complete 
| 225|0x000000008e100000, 0x000000008e200000, 0x000000008e200000|100%| E|CS|TAMS 0x000000008e100000, 0x000000008e100000| Complete 
| 226|0x000000008e200000, 0x000000008e300000, 0x000000008e300000|100%| E|CS|TAMS 0x000000008e200000, 0x000000008e200000| Complete 
| 227|0x000000008e300000, 0x000000008e400000, 0x000000008e400000|100%| E|CS|TAMS 0x000000008e300000, 0x000000008e300000| Complete 
| 228|0x000000008e400000, 0x000000008e500000, 0x000000008e500000|100%| E|CS|TAMS 0x000000008e400000, 0x000000008e400000| Complete 
| 229|0x000000008e500000, 0x000000008e600000, 0x000000008e600000|100%| E|CS|TAMS 0x000000008e500000, 0x000000008e500000| Complete 
| 230|0x000000008e600000, 0x000000008e700000, 0x000000008e700000|100%| E|CS|TAMS 0x000000008e600000, 0x000000008e600000| Complete 
| 231|0x000000008e700000, 0x000000008e800000, 0x000000008e800000|100%| E|CS|TAMS 0x000000008e700000, 0x000000008e700000| Complete 
| 232|0x000000008e800000, 0x000000008e900000, 0x000000008e900000|100%| E|CS|TAMS 0x000000008e800000, 0x000000008e800000| Complete 
| 233|0x000000008e900000, 0x000000008ea00000, 0x000000008ea00000|100%| E|CS|TAMS 0x000000008e900000, 0x000000008e900000| Complete 
| 234|0x000000008ea00000, 0x000000008eb00000, 0x000000008eb00000|100%| E|CS|TAMS 0x000000008ea00000, 0x000000008ea00000| Complete 
| 235|0x000000008eb00000, 0x000000008ec00000, 0x000000008ec00000|100%| E|CS|TAMS 0x000000008eb00000, 0x000000008eb00000| Complete 
| 236|0x000000008ec00000, 0x000000008ed00000, 0x000000008ed00000|100%| E|CS|TAMS 0x000000008ec00000, 0x000000008ec00000| Complete 
| 237|0x000000008ed00000, 0x000000008ee00000, 0x000000008ee00000|100%| E|CS|TAMS 0x000000008ed00000, 0x000000008ed00000| Complete 
| 238|0x000000008ee00000, 0x000000008ef00000, 0x000000008ef00000|100%| E|CS|TAMS 0x000000008ee00000, 0x000000008ee00000| Complete 
| 239|0x000000008ef00000, 0x000000008f000000, 0x000000008f000000|100%| E|CS|TAMS 0x000000008ef00000, 0x000000008ef00000| Complete 
| 240|0x000000008f000000, 0x000000008f100000, 0x000000008f100000|100%| E|CS|TAMS 0x000000008f000000, 0x000000008f000000| Complete 
| 241|0x000000008f100000, 0x000000008f200000, 0x000000008f200000|100%| E|CS|TAMS 0x000000008f100000, 0x000000008f100000| Complete 
| 242|0x000000008f200000, 0x000000008f300000, 0x000000008f300000|100%| E|CS|TAMS 0x000000008f200000, 0x000000008f200000| Complete 
| 243|0x000000008f300000, 0x000000008f400000, 0x000000008f400000|100%| E|CS|TAMS 0x000000008f300000, 0x000000008f300000| Complete 
| 244|0x000000008f400000, 0x000000008f500000, 0x000000008f500000|100%| E|CS|TAMS 0x000000008f400000, 0x000000008f400000| Complete 
| 245|0x000000008f500000, 0x000000008f600000, 0x000000008f600000|100%| E|CS|TAMS 0x000000008f500000, 0x000000008f500000| Complete 
| 246|0x000000008f600000, 0x000000008f700000, 0x000000008f700000|100%| E|CS|TAMS 0x000000008f600000, 0x000000008f600000| Complete 
| 247|0x000000008f700000, 0x000000008f800000, 0x000000008f800000|100%| E|CS|TAMS 0x000000008f700000, 0x000000008f700000| Complete 
| 248|0x000000008f800000, 0x000000008f900000, 0x000000008f900000|100%| E|CS|TAMS 0x000000008f800000, 0x000000008f800000| Complete 
| 249|0x000000008f900000, 0x000000008fa00000, 0x000000008fa00000|100%| E|CS|TAMS 0x000000008f900000, 0x000000008f900000| Complete 
| 250|0x000000008fa00000, 0x000000008fb00000, 0x000000008fb00000|100%| E|CS|TAMS 0x000000008fa00000, 0x000000008fa00000| Complete 
| 251|0x000000008fb00000, 0x000000008fc00000, 0x000000008fc00000|100%| E|CS|TAMS 0x000000008fb00000, 0x000000008fb00000| Complete 
| 252|0x000000008fc00000, 0x000000008fd00000, 0x000000008fd00000|100%| E|CS|TAMS 0x000000008fc00000, 0x000000008fc00000| Complete 
| 253|0x000000008fd00000, 0x000000008fe00000, 0x000000008fe00000|100%| E|CS|TAMS 0x000000008fd00000, 0x000000008fd00000| Complete 
| 254|0x000000008fe00000, 0x000000008ff00000, 0x000000008ff00000|100%| E|CS|TAMS 0x000000008fe00000, 0x000000008fe00000| Complete 
| 255|0x000000008ff00000, 0x0000000090000000, 0x0000000090000000|100%| E|CS|TAMS 0x000000008ff00000, 0x000000008ff00000| Complete 
| 256|0x0000000090000000, 0x0000000090100000, 0x0000000090100000|100%| E|CS|TAMS 0x0000000090000000, 0x0000000090000000| Complete 
| 257|0x0000000090100000, 0x0000000090200000, 0x0000000090200000|100%| E|CS|TAMS 0x0000000090100000, 0x0000000090100000| Complete 
| 258|0x0000000090200000, 0x0000000090300000, 0x0000000090300000|100%| E|CS|TAMS 0x0000000090200000, 0x0000000090200000| Complete 
| 259|0x0000000090300000, 0x0000000090400000, 0x0000000090400000|100%| E|CS|TAMS 0x0000000090300000, 0x0000000090300000| Complete 
| 260|0x0000000090400000, 0x0000000090500000, 0x0000000090500000|100%| E|CS|TAMS 0x0000000090400000, 0x0000000090400000| Complete 
| 261|0x0000000090500000, 0x0000000090600000, 0x0000000090600000|100%| E|CS|TAMS 0x0000000090500000, 0x0000000090500000| Complete 
| 262|0x0000000090600000, 0x0000000090700000, 0x0000000090700000|100%| E|CS|TAMS 0x0000000090600000, 0x0000000090600000| Complete 
| 263|0x0000000090700000, 0x0000000090800000, 0x0000000090800000|100%| E|CS|TAMS 0x0000000090700000, 0x0000000090700000| Complete 
| 264|0x0000000090800000, 0x0000000090900000, 0x0000000090900000|100%| E|CS|TAMS 0x0000000090800000, 0x0000000090800000| Complete 
| 265|0x0000000090900000, 0x0000000090a00000, 0x0000000090a00000|100%| E|CS|TAMS 0x0000000090900000, 0x0000000090900000| Complete 
| 266|0x0000000090a00000, 0x0000000090b00000, 0x0000000090b00000|100%| E|CS|TAMS 0x0000000090a00000, 0x0000000090a00000| Complete 
| 267|0x0000000090b00000, 0x0000000090c00000, 0x0000000090c00000|100%| E|CS|TAMS 0x0000000090b00000, 0x0000000090b00000| Complete 
| 268|0x0000000090c00000, 0x0000000090d00000, 0x0000000090d00000|100%| E|CS|TAMS 0x0000000090c00000, 0x0000000090c00000| Complete 
| 269|0x0000000090d00000, 0x0000000090e00000, 0x0000000090e00000|100%| E|CS|TAMS 0x0000000090d00000, 0x0000000090d00000| Complete 
| 270|0x0000000090e00000, 0x0000000090f00000, 0x0000000090f00000|100%| E|CS|TAMS 0x0000000090e00000, 0x0000000090e00000| Complete 
| 271|0x0000000090f00000, 0x0000000091000000, 0x0000000091000000|100%| E|CS|TAMS 0x0000000090f00000, 0x0000000090f00000| Complete 
| 272|0x0000000091000000, 0x0000000091100000, 0x0000000091100000|100%| E|CS|TAMS 0x0000000091000000, 0x0000000091000000| Complete 
| 273|0x0000000091100000, 0x0000000091200000, 0x0000000091200000|100%| E|CS|TAMS 0x0000000091100000, 0x0000000091100000| Complete 
| 274|0x0000000091200000, 0x0000000091300000, 0x0000000091300000|100%| E|CS|TAMS 0x0000000091200000, 0x0000000091200000| Complete 
| 275|0x0000000091300000, 0x0000000091400000, 0x0000000091400000|100%| E|CS|TAMS 0x0000000091300000, 0x0000000091300000| Complete 
| 276|0x0000000091400000, 0x0000000091500000, 0x0000000091500000|100%| E|CS|TAMS 0x0000000091400000, 0x0000000091400000| Complete 
| 277|0x0000000091500000, 0x0000000091600000, 0x0000000091600000|100%| E|CS|TAMS 0x0000000091500000, 0x0000000091500000| Complete 
| 278|0x0000000091600000, 0x0000000091700000, 0x0000000091700000|100%| E|CS|TAMS 0x0000000091600000, 0x0000000091600000| Complete 
| 279|0x0000000091700000, 0x0000000091800000, 0x0000000091800000|100%| E|CS|TAMS 0x0000000091700000, 0x0000000091700000| Complete 
| 280|0x0000000091800000, 0x0000000091900000, 0x0000000091900000|100%| E|CS|TAMS 0x0000000091800000, 0x0000000091800000| Complete 
| 281|0x0000000091900000, 0x0000000091a00000, 0x0000000091a00000|100%| E|CS|TAMS 0x0000000091900000, 0x0000000091900000| Complete 
| 333|0x0000000094d00000, 0x0000000094e00000, 0x0000000094e00000|100%| E|CS|TAMS 0x0000000094d00000, 0x0000000094d00000| Complete 
| 334|0x0000000094e00000, 0x0000000094f00000, 0x0000000094f00000|100%| E|CS|TAMS 0x0000000094e00000, 0x0000000094e00000| Complete 
| 335|0x0000000094f00000, 0x0000000095000000, 0x0000000095000000|100%| E|CS|TAMS 0x0000000094f00000, 0x0000000094f00000| Complete 
| 336|0x0000000095000000, 0x0000000095100000, 0x0000000095100000|100%| E|CS|TAMS 0x0000000095000000, 0x0000000095000000| Complete 
| 337|0x0000000095100000, 0x0000000095200000, 0x0000000095200000|100%| E|CS|TAMS 0x0000000095100000, 0x0000000095100000| Complete 
| 338|0x0000000095200000, 0x0000000095300000, 0x0000000095300000|100%| E|CS|TAMS 0x0000000095200000, 0x0000000095200000| Complete 
| 339|0x0000000095300000, 0x0000000095400000, 0x0000000095400000|100%| E|CS|TAMS 0x0000000095300000, 0x0000000095300000| Complete 
|1044|0x00000000c1400000, 0x00000000c1500000, 0x00000000c1500000|100%| E|CS|TAMS 0x00000000c1400000, 0x00000000c1400000| Complete 

Card table byte_map: [0x00000152ff5f0000,0x00000152ff9f0000] _byte_map_base: 0x00000152ff1f0000

Marking Bits (Prev, Next): (CMBitMap*) 0x00000152eaf7cee0, (CMBitMap*) 0x00000152eaf7cf20
 Prev Bits: [0x0000015280000000, 0x0000015282000000)
 Next Bits: [0x0000015282000000, 0x0000015284000000)

Polling page: 0x00000152eafe0000

Metaspace:

Usage:
  Non-class:     84.74 MB used.
      Class:     13.17 MB used.
       Both:     97.91 MB used.

Virtual space:
  Non-class space:      128.00 MB reserved,      85.19 MB ( 67%) committed,  2 nodes.
      Class space:        1.00 GB reserved,      13.50 MB (  1%) committed,  1 nodes.
             Both:        1.13 GB reserved,      98.69 MB (  9%) committed. 

Chunk freelists:
   Non-Class:  10.53 MB
       Class:  2.44 MB
        Both:  12.97 MB

MaxMetaspaceSize: unlimited
CompressedClassSpaceSize: 1.00 GB
Initial GC threshold: 21.00 MB
Current GC threshold: 164.31 MB
CDS: off
MetaspaceReclaimPolicy: balanced
 - commit_granule_bytes: 65536.
 - commit_granule_words: 8192.
 - virtual_space_node_default_size: 8388608.
 - enlarge_chunks_in_place: 1.
 - new_chunks_are_fully_committed: 0.
 - uncommit_free_chunks: 1.
 - use_allocation_guard: 0.
 - handle_deallocations: 1.


Internal statistics:

num_allocs_failed_limit: 3.
num_arena_births: 1272.
num_arena_deaths: 122.
num_vsnodes_births: 3.
num_vsnodes_deaths: 0.
num_space_committed: 1579.
num_space_uncommitted: 0.
num_chunks_returned_to_freelist: 155.
num_chunks_taken_from_freelist: 4867.
num_chunk_merges: 58.
num_chunk_splits: 3155.
num_chunks_enlarged: 2076.
num_inconsistent_stats: 0.

CodeHeap 'non-profiled nmethods': size=120000Kb used=11544Kb max_used=11544Kb free=108455Kb
 bounds [0x00000152f7690000, 0x00000152f81e0000, 0x00000152febc0000]
CodeHeap 'profiled nmethods': size=120000Kb used=24469Kb max_used=24469Kb free=95530Kb
 bounds [0x00000152efbc0000, 0x00000152f13b0000, 0x00000152f70f0000]
CodeHeap 'non-nmethods': size=5760Kb used=2429Kb max_used=2474Kb free=3330Kb
 bounds [0x00000152f70f0000, 0x00000152f7370000, 0x00000152f7690000]
 total_blobs=13854 nmethods=12887 adapters=879
 compilation: enabled
              stopped_count=0, restarted_count=0
 full_count=0

Compilation events (20 events):
Event: 2965.019 Thread 0x00000152867dd820 16112       4       java.util.zip.InflaterInputStream::fill (60 bytes)
Event: 2965.021 Thread 0x00000152867de540 16113       3       com.google.common.collect.AbstractIterator::endOfData (9 bytes)
Event: 2965.022 Thread 0x00000152867de540 nmethod 16113 0x00000152f139b010 code [0x00000152f139b1a0, 0x00000152f139b318]
Event: 2965.040 Thread 0x00000152867dd820 nmethod 16112 0x00000152f81c4890 code [0x00000152f81c4a40, 0x00000152f81c5048]
Event: 2965.290 Thread 0x00000152867dd820 16114 %     4       com.google.common.collect.ObjectArrays::checkElementsNotNull @ 2 (23 bytes)
Event: 2965.303 Thread 0x00000152867dd820 nmethod 16114% 0x00000152f81c5410 code [0x00000152f81c55a0, 0x00000152f81c5798]
Event: 2965.303 Thread 0x00000152867dd820 16115       4       java.util.ComparableTimSort::mergeLo (656 bytes)
Event: 2965.402 Thread 0x00000152867dd820 nmethod 16115 0x00000152f81c5910 code [0x00000152f81c5b40, 0x00000152f81c7ff8]
Event: 2965.402 Thread 0x00000152867dd820 16116       4       java.util.ComparableTimSort::gallopLeft (327 bytes)
Event: 2965.429 Thread 0x00000152867dd820 nmethod 16116 0x00000152f81c8d10 code [0x00000152f81c8ee0, 0x00000152f81ca398]
Event: 2965.429 Thread 0x00000152867dd820 16117       4       java.util.ComparableTimSort::mergeHi (729 bytes)
Event: 2965.495 Thread 0x00000152867dd820 nmethod 16117 0x00000152f81cac10 code [0x00000152f81cae20, 0x00000152f81ccd78]
Event: 2966.140 Thread 0x00000152867de540 16118 %     3       org.gradle.api.internal.changedetection.state.ZipHasher::fingerprintZipEntries @ 21 (168 bytes)
Event: 2966.143 Thread 0x00000152867de540 nmethod 16118% 0x00000152f139b390 code [0x00000152f139b7e0, 0x00000152f139d828]
Event: 2967.174 Thread 0x00000152867de540 16119       3       org.gradle.api.internal.changedetection.state.ZipHasher::fingerprintZipEntries (168 bytes)
Event: 2967.177 Thread 0x00000152867de540 nmethod 16119 0x00000152f139e290 code [0x00000152f139e6e0, 0x00000152f13a0568]
Event: 2968.272 Thread 0x00000152867dd820 16120 %     4       org.gradle.api.internal.changedetection.state.ZipHasher::fingerprintZipEntries @ 21 (168 bytes)
Event: 2968.381 Thread 0x00000152867dd820 nmethod 16120% 0x00000152f81cd990 code [0x00000152f81cdd80, 0x00000152f81d1728]
Event: 2972.695 Thread 0x00000152867de540 16121       3       java.util.HashMap$EntrySpliterator::forEachRemaining (183 bytes)
Event: 2972.697 Thread 0x00000152867de540 nmethod 16121 0x00000152f13a0f90 code [0x00000152f13a11a0, 0x00000152f13a19e8]

GC Heap History (20 events):
Event: 2907.047 GC heap before
{Heap before GC invocations=163 (full 0):
 garbage-first heap   total 296960K, used 103405K [0x0000000080000000, 0x0000000100000000)
  region size 1024K, 14 young (14336K), 11 survivors (11264K)
 Metaspace       used 87948K, committed 88704K, reserved 1179648K
  class space    used 11772K, committed 12096K, reserved 1048576K
}
Event: 2907.055 GC heap after
{Heap after GC invocations=164 (full 0):
 garbage-first heap   total 296960K, used 100145K [0x0000000080000000, 0x0000000100000000)
  region size 1024K, 1 young (1024K), 1 survivors (1024K)
 Metaspace       used 87948K, committed 88704K, reserved 1179648K
  class space    used 11772K, committed 12096K, reserved 1048576K
}
Event: 2924.235 GC heap before
{Heap before GC invocations=164 (full 0):
 garbage-first heap   total 296960K, used 262961K [0x0000000080000000, 0x0000000100000000)
  region size 1024K, 150 young (153600K), 1 survivors (1024K)
 Metaspace       used 99068K, committed 99840K, reserved 1179648K
  class space    used 13324K, committed 13696K, reserved 1048576K
}
Event: 2924.368 GC heap after
{Heap after GC invocations=165 (full 0):
 garbage-first heap   total 296960K, used 114065K [0x0000000080000000, 0x0000000100000000)
  region size 1024K, 11 young (11264K), 11 survivors (11264K)
 Metaspace       used 99068K, committed 99840K, reserved 1179648K
  class space    used 13324K, committed 13696K, reserved 1048576K
}
Event: 2930.094 GC heap before
{Heap before GC invocations=165 (full 0):
 garbage-first heap   total 296960K, used 132497K [0x0000000080000000, 0x0000000100000000)
  region size 1024K, 30 young (30720K), 11 survivors (11264K)
 Metaspace       used 100201K, committed 100928K, reserved 1179648K
  class space    used 13473K, committed 13824K, reserved 1048576K
}
Event: 2930.111 GC heap after
{Heap after GC invocations=166 (full 0):
 garbage-first heap   total 296960K, used 115859K [0x0000000080000000, 0x0000000100000000)
  region size 1024K, 2 young (2048K), 2 survivors (2048K)
 Metaspace       used 100201K, committed 100928K, reserved 1179648K
  class space    used 13473K, committed 13824K, reserved 1048576K
}
Event: 2938.604 GC heap before
{Heap before GC invocations=167 (full 0):
 garbage-first heap   total 296960K, used 255476K [0x0000000080000000, 0x0000000100000000)
  region size 1024K, 134 young (137216K), 2 survivors (2048K)
 Metaspace       used 100230K, committed 101056K, reserved 1179648K
  class space    used 13478K, committed 13824K, reserved 1048576K
}
Event: 2938.611 GC heap after
{Heap after GC invocations=168 (full 0):
 garbage-first heap   total 296960K, used 122802K [0x0000000080000000, 0x0000000100000000)
  region size 1024K, 4 young (4096K), 4 survivors (4096K)
 Metaspace       used 100230K, committed 101056K, reserved 1179648K
  class space    used 13478K, committed 13824K, reserved 1048576K
}
Event: 2938.831 GC heap before
{Heap before GC invocations=168 (full 0):
 garbage-first heap   total 296960K, used 133042K [0x0000000080000000, 0x0000000100000000)
  region size 1024K, 14 young (14336K), 4 survivors (4096K)
 Metaspace       used 100230K, committed 101056K, reserved 1179648K
  class space    used 13478K, committed 13824K, reserved 1048576K
}
Event: 2938.839 GC heap after
{Heap after GC invocations=169 (full 0):
 garbage-first heap   total 296960K, used 122820K [0x0000000080000000, 0x0000000100000000)
  region size 1024K, 1 young (1024K), 1 survivors (1024K)
 Metaspace       used 100230K, committed 101056K, reserved 1179648K
  class space    used 13478K, committed 13824K, reserved 1048576K
}
Event: 2945.288 GC heap before
{Heap before GC invocations=169 (full 0):
 garbage-first heap   total 296960K, used 253892K [0x0000000080000000, 0x0000000100000000)
  region size 1024K, 129 young (132096K), 1 survivors (1024K)
 Metaspace       used 100230K, committed 101056K, reserved 1179648K
  class space    used 13478K, committed 13824K, reserved 1048576K
}
Event: 2945.293 GC heap after
{Heap after GC invocations=170 (full 0):
 garbage-first heap   total 296960K, used 124185K [0x0000000080000000, 0x0000000100000000)
  region size 1024K, 2 young (2048K), 2 survivors (2048K)
 Metaspace       used 100230K, committed 101056K, reserved 1179648K
  class space    used 13478K, committed 13824K, reserved 1048576K
}
Event: 2946.473 GC heap before
{Heap before GC invocations=171 (full 0):
 garbage-first heap   total 296960K, used 154905K [0x0000000080000000, 0x0000000100000000)
  region size 1024K, 32 young (32768K), 2 survivors (2048K)
 Metaspace       used 100233K, committed 101056K, reserved 1179648K
  class space    used 13478K, committed 13824K, reserved 1048576K
}
Event: 2946.477 GC heap after
{Heap after GC invocations=172 (full 0):
 garbage-first heap   total 296960K, used 124812K [0x0000000080000000, 0x0000000100000000)
  region size 1024K, 3 young (3072K), 3 survivors (3072K)
 Metaspace       used 100233K, committed 101056K, reserved 1179648K
  class space    used 13478K, committed 13824K, reserved 1048576K
}
Event: 2946.865 GC heap before
{Heap before GC invocations=172 (full 0):
 garbage-first heap   total 296960K, used 136076K [0x0000000080000000, 0x0000000100000000)
  region size 1024K, 14 young (14336K), 3 survivors (3072K)
 Metaspace       used 100233K, committed 101056K, reserved 1179648K
  class space    used 13478K, committed 13824K, reserved 1048576K
}
Event: 2947.022 GC heap after
{Heap after GC invocations=173 (full 0):
 garbage-first heap   total 296960K, used 124544K [0x0000000080000000, 0x0000000100000000)
  region size 1024K, 1 young (1024K), 1 survivors (1024K)
 Metaspace       used 100233K, committed 101056K, reserved 1179648K
  class space    used 13478K, committed 13824K, reserved 1048576K
}
Event: 2954.473 GC heap before
{Heap before GC invocations=173 (full 0):
 garbage-first heap   total 296960K, used 257664K [0x0000000080000000, 0x0000000100000000)
  region size 1024K, 131 young (134144K), 1 survivors (1024K)
 Metaspace       used 100233K, committed 101056K, reserved 1179648K
  class space    used 13478K, committed 13824K, reserved 1048576K
}
Event: 2954.478 GC heap after
{Heap after GC invocations=174 (full 0):
 garbage-first heap   total 296960K, used 126190K [0x0000000080000000, 0x0000000100000000)
  region size 1024K, 3 young (3072K), 3 survivors (3072K)
 Metaspace       used 100233K, committed 101056K, reserved 1179648K
  class space    used 13478K, committed 13824K, reserved 1048576K
}
Event: 2966.804 GC heap before
{Heap before GC invocations=174 (full 0):
 garbage-first heap   total 296960K, used 257262K [0x0000000080000000, 0x0000000100000000)
  region size 1024K, 131 young (134144K), 3 survivors (3072K)
 Metaspace       used 100252K, committed 101056K, reserved 1179648K
  class space    used 13481K, committed 13824K, reserved 1048576K
}
Event: 2966.810 GC heap after
{Heap after GC invocations=175 (full 0):
 garbage-first heap   total 296960K, used 120848K [0x0000000080000000, 0x0000000100000000)
  region size 1024K, 5 young (5120K), 5 survivors (5120K)
 Metaspace       used 100252K, committed 101056K, reserved 1179648K
  class space    used 13481K, committed 13824K, reserved 1048576K
}

Dll operation events (3 events):
Event: 0.032 Loaded shared library C:\Program Files\Android\Android Studio1\jbr\bin\java.dll
Event: 0.220 Loaded shared library C:\Program Files\Android\Android Studio1\jbr\bin\zip.dll
Event: 0.770 Loaded shared library C:\Program Files\Android\Android Studio1\jbr\bin\verify.dll

Deoptimization events (20 events):
Event: 2969.042 Thread 0x000001528d1134f0 Uncommon trap: trap_request=0xffffffd6 fr.pc=0x00000152f81cc908 relative=0x0000000000001ae8
Event: 2969.042 Thread 0x000001528d1134f0 Uncommon trap: reason=array_check action=maybe_recompile pc=0x00000152f81cc908 method=java.util.ComparableTimSort.mergeHi(IIII)V @ 101 c2
Event: 2969.042 Thread 0x000001528d1134f0 DEOPT PACKING pc=0x00000152f81cc908 sp=0x0000004a971f7920
Event: 2969.042 Thread 0x000001528d1134f0 DEOPT UNPACKING pc=0x00000152f71469a3 sp=0x0000004a971f78c0 mode 2
Event: 2969.784 Thread 0x000001528d1134f0 Uncommon trap: trap_request=0xffffffd6 fr.pc=0x00000152f81cc908 relative=0x0000000000001ae8
Event: 2969.784 Thread 0x000001528d1134f0 Uncommon trap: reason=array_check action=maybe_recompile pc=0x00000152f81cc908 method=java.util.ComparableTimSort.mergeHi(IIII)V @ 101 c2
Event: 2969.784 Thread 0x000001528d1134f0 DEOPT PACKING pc=0x00000152f81cc908 sp=0x0000004a971f7920
Event: 2969.784 Thread 0x000001528d1134f0 DEOPT UNPACKING pc=0x00000152f71469a3 sp=0x0000004a971f78c0 mode 2
Event: 2970.933 Thread 0x000001528d1134f0 Uncommon trap: trap_request=0xffffffd6 fr.pc=0x00000152f81cc908 relative=0x0000000000001ae8
Event: 2970.933 Thread 0x000001528d1134f0 Uncommon trap: reason=array_check action=maybe_recompile pc=0x00000152f81cc908 method=java.util.ComparableTimSort.mergeHi(IIII)V @ 101 c2
Event: 2970.933 Thread 0x000001528d1134f0 DEOPT PACKING pc=0x00000152f81cc908 sp=0x0000004a971f7920
Event: 2970.933 Thread 0x000001528d1134f0 DEOPT UNPACKING pc=0x00000152f71469a3 sp=0x0000004a971f78c0 mode 2
Event: 2971.783 Thread 0x000001528d1134f0 Uncommon trap: trap_request=0xffffffd6 fr.pc=0x00000152f81cc908 relative=0x0000000000001ae8
Event: 2971.784 Thread 0x000001528d1134f0 Uncommon trap: reason=array_check action=maybe_recompile pc=0x00000152f81cc908 method=java.util.ComparableTimSort.mergeHi(IIII)V @ 101 c2
Event: 2971.784 Thread 0x000001528d1134f0 DEOPT PACKING pc=0x00000152f81cc908 sp=0x0000004a971f7920
Event: 2971.784 Thread 0x000001528d1134f0 DEOPT UNPACKING pc=0x00000152f71469a3 sp=0x0000004a971f78c0 mode 2
Event: 2975.124 Thread 0x000001528d1134f0 Uncommon trap: trap_request=0xffffff45 fr.pc=0x00000152f8078d00 relative=0x0000000000000240
Event: 2975.124 Thread 0x000001528d1134f0 Uncommon trap: reason=unstable_if action=reinterpret pc=0x00000152f8078d00 method=java.lang.String.encodeUTF8(B[BZ)[B @ 18 c2
Event: 2975.124 Thread 0x000001528d1134f0 DEOPT PACKING pc=0x00000152f8078d00 sp=0x0000004a971f7170
Event: 2975.124 Thread 0x000001528d1134f0 DEOPT UNPACKING pc=0x00000152f71469a3 sp=0x0000004a971f7088 mode 2

Classes unloaded (20 events):
Event: 2202.839 Thread 0x000001528650e630 Unloading class 0x00000001002d9c00 'java/lang/invoke/LambdaForm$MH+0x00000001002d9c00'
Event: 2202.839 Thread 0x000001528650e630 Unloading class 0x00000001002d9800 'java/lang/invoke/LambdaForm$MH+0x00000001002d9800'
Event: 2202.839 Thread 0x000001528650e630 Unloading class 0x00000001002d8800 'java/lang/invoke/LambdaForm$MH+0x00000001002d8800'
Event: 2202.839 Thread 0x000001528650e630 Unloading class 0x00000001002d8400 'java/lang/invoke/LambdaForm$BMH+0x00000001002d8400'
Event: 2202.839 Thread 0x000001528650e630 Unloading class 0x0000000100200400 'java/lang/invoke/LambdaForm$DMH+0x0000000100200400'
Event: 2202.839 Thread 0x000001528650e630 Unloading class 0x00000001001bdc00 'java/lang/invoke/LambdaForm$DMH+0x00000001001bdc00'
Event: 2202.839 Thread 0x000001528650e630 Unloading class 0x0000000100192800 'java/lang/invoke/LambdaForm$MH+0x0000000100192800'
Event: 2202.839 Thread 0x000001528650e630 Unloading class 0x0000000100192000 'java/lang/invoke/LambdaForm$MH+0x0000000100192000'
Event: 2202.839 Thread 0x000001528650e630 Unloading class 0x0000000100191c00 'java/lang/invoke/LambdaForm$MH+0x0000000100191c00'
Event: 2202.839 Thread 0x000001528650e630 Unloading class 0x0000000100191800 'java/lang/invoke/LambdaForm$MH+0x0000000100191800'
Event: 2202.839 Thread 0x000001528650e630 Unloading class 0x0000000100191400 'java/lang/invoke/LambdaForm$MH+0x0000000100191400'
Event: 2202.839 Thread 0x000001528650e630 Unloading class 0x0000000100190c00 'java/lang/invoke/LambdaForm$MH+0x0000000100190c00'
Event: 2202.839 Thread 0x000001528650e630 Unloading class 0x00000001000eac00 'java/lang/invoke/LambdaForm$MH+0x00000001000eac00'
Event: 2202.839 Thread 0x000001528650e630 Unloading class 0x00000001000ea800 'java/lang/invoke/LambdaForm$MH+0x00000001000ea800'
Event: 2202.839 Thread 0x000001528650e630 Unloading class 0x00000001000e8400 'java/lang/invoke/LambdaForm$MH+0x00000001000e8400'
Event: 2236.479 Thread 0x000001528650e630 Unloading class 0x0000000100679000 'sync_studio_tooling101_do2kro1rk6yqmriyn29pwrti0$_run_closure1'
Event: 2236.479 Thread 0x000001528650e630 Unloading class 0x0000000100678800 'sync_studio_tooling101_do2kro1rk6yqmriyn29pwrti0'
Event: 2236.479 Thread 0x000001528650e630 Unloading class 0x000000010060a000 'sync_studio_tooling101_do2kro1rk6yqmriyn29pwrti0$_run_closure1$_closure2'
Event: 2236.479 Thread 0x000001528650e630 Unloading class 0x0000000100609000 'sync_studio_tooling101_do2kro1rk6yqmriyn29pwrti0$_run_closure1'
Event: 2236.479 Thread 0x000001528650e630 Unloading class 0x0000000100608800 'sync_studio_tooling101_do2kro1rk6yqmriyn29pwrti0'

Classes redefined (0 events):
No events

Internal exceptions (20 events):
Event: 2916.316 Thread 0x000001528d1134f0 Exception <a 'java/lang/NoSuchMethodError'{0x000000008c9fc548}: static Lorg/jetbrains/kotlin/gradle/plugin/internal/CompatibilityConventionRegistrarG81$Factory;.<clinit>()V> (0x000000008c9fc548) 
thrown [s\src\hotspot\share\prims\jni.cpp, line 1108]
Event: 2916.319 Thread 0x000001528d1134f0 Exception <a 'java/lang/NoSuchMethodError'{0x000000008c826828}: static Lorg/jetbrains/kotlin/gradle/plugin/internal/DefaultArtifactTypeAttributeAccessorVariantFactory;.<clinit>()V> (0x000000008c826828) 
thrown [s\src\hotspot\share\prims\jni.cpp, line 1108]
Event: 2916.324 Thread 0x000001528d1134f0 Exception <a 'java/lang/NoSuchMethodError'{0x000000008c845cd0}: static Lorg/jetbrains/kotlin/gradle/plugin/internal/MavenPluginConfigurator$DefaultMavenPluginConfiguratorVariantFactory;.<clinit>()V> (0x000000008c845cd0) 
thrown [s\src\hotspot\share\prims\jni.cpp, line 1108]
Event: 2916.331 Thread 0x000001528d1134f0 Exception <a 'java/lang/NoSuchMethodError'{0x000000008c8641e0}: static Lorg/jetbrains/kotlin/gradle/plugin/internal/DefaultJavaSourceSetsAccessorVariantFactory;.<clinit>()V> (0x000000008c8641e0) 
thrown [s\src\hotspot\share\prims\jni.cpp, line 1108]
Event: 2916.333 Thread 0x000001528d1134f0 Exception <a 'java/lang/NoSuchMethodError'{0x000000008c882060}: static Lorg/jetbrains/kotlin/gradle/targets/js/nodejs/DefaultUnameExecutorVariantFactory;.<clinit>()V> (0x000000008c882060) 
thrown [s\src\hotspot\share\prims\jni.cpp, line 1108]
Event: 2916.336 Thread 0x000001528d1134f0 Exception <a 'java/lang/NoSuchMethodError'{0x000000008c8a0858}: static Lorg/jetbrains/kotlin/gradle/plugin/internal/DefaultBasePluginConfigurationVariantFactory;.<clinit>()V> (0x000000008c8a0858) 
thrown [s\src\hotspot\share\prims\jni.cpp, line 1108]
Event: 2916.339 Thread 0x000001528d1134f0 Exception <a 'java/lang/NoSuchMethodError'{0x000000008c8be588}: static Lorg/jetbrains/kotlin/gradle/plugin/internal/DefaultIdeaSyncDetectorVariantFactory;.<clinit>()V> (0x000000008c8be588) 
thrown [s\src\hotspot\share\prims\jni.cpp, line 1108]
Event: 2916.350 Thread 0x000001528d1134f0 Exception <a 'java/lang/NoSuchMethodError'{0x000000008c8dd848}: static Lorg/jetbrains/kotlin/gradle/plugin/internal/DefaultKotlinTestReportCompatibilityHelperVariantFactory;.<clinit>()V> (0x000000008c8dd848) 
thrown [s\src\hotspot\share\prims\jni.cpp, line 1108]
Event: 2928.125 Thread 0x000001528d1134f0 Exception <a 'java/lang/ClassNotFoundException'{0x0000000091994478}: org/jetbrains/kotlin/gradle/targets/js/npm/DefaultNpmDependencyExtensionBeanInfo> (0x0000000091994478) 
thrown [s\src\hotspot\share\classfile\systemDictionary.cpp, line 256]
Event: 2928.127 Thread 0x000001528d1134f0 Exception <a 'java/lang/ClassNotFoundException'{0x00000000919a3d98}: org/jetbrains/kotlin/gradle/targets/js/npm/DefaultNpmDependencyExtensionCustomizer> (0x00000000919a3d98) 
thrown [s\src\hotspot\share\classfile\systemDictionary.cpp, line 256]
Event: 2928.166 Thread 0x000001528d1134f0 Exception <a 'java/lang/ClassNotFoundException'{0x0000000091832670}: org/jetbrains/kotlin/gradle/targets/js/npm/NpmDependencyExtensionKt$defaultNpmDependencyDelegate$1BeanInfo> (0x0000000091832670) 
thrown [s\src\hotspot\share\classfile\systemDictionary.cpp, line 256]
Event: 2928.172 Thread 0x000001528d1134f0 Exception <a 'java/lang/ClassNotFoundException'{0x0000000091841fc8}: org/jetbrains/kotlin/gradle/targets/js/npm/NpmDependencyExtensionDelegateBeanInfo> (0x0000000091841fc8) 
thrown [s\src\hotspot\share\classfile\systemDictionary.cpp, line 256]
Event: 2928.176 Thread 0x000001528d1134f0 Exception <a 'java/lang/ClassNotFoundException'{0x0000000091851918}: org/jetbrains/kotlin/gradle/targets/js/npm/NpmDependencyExtensionDelegateCustomizer> (0x0000000091851918) 
thrown [s\src\hotspot\share\classfile\systemDictionary.cpp, line 256]
Event: 2928.182 Thread 0x000001528d1134f0 Exception <a 'java/lang/ClassNotFoundException'{0x0000000091876a88}: org/jetbrains/kotlin/gradle/targets/js/npm/NpmDependencyExtensionKt$defaultNpmDependencyDelegate$1Customizer> (0x0000000091876a88) 
thrown [s\src\hotspot\share\classfile\systemDictionary.cpp, line 256]
Event: 2928.190 Thread 0x000001528d1134f0 Exception <a 'java/lang/ClassNotFoundException'{0x00000000918b75a0}: org/jetbrains/kotlin/gradle/targets/js/npm/DefaultDevNpmDependencyExtensionBeanInfo> (0x00000000918b75a0) 
thrown [s\src\hotspot\share\classfile\systemDictionary.cpp, line 256]
Event: 2928.191 Thread 0x000001528d1134f0 Exception <a 'java/lang/ClassNotFoundException'{0x00000000918c6f18}: org/jetbrains/kotlin/gradle/targets/js/npm/DefaultDevNpmDependencyExtensionCustomizer> (0x00000000918c6f18) 
thrown [s\src\hotspot\share\classfile\systemDictionary.cpp, line 256]
Event: 2928.217 Thread 0x000001528d1134f0 Exception <a 'java/lang/ClassNotFoundException'{0x000000009170b040}: org/jetbrains/kotlin/gradle/targets/js/npm/DefaultPeerNpmDependencyExtensionBeanInfo> (0x000000009170b040) 
thrown [s\src\hotspot\share\classfile\systemDictionary.cpp, line 256]
Event: 2928.219 Thread 0x000001528d1134f0 Exception <a 'java/lang/ClassNotFoundException'{0x000000009171a9e8}: org/jetbrains/kotlin/gradle/targets/js/npm/DefaultPeerNpmDependencyExtensionCustomizer> (0x000000009171a9e8) 
thrown [s\src\hotspot\share\classfile\systemDictionary.cpp, line 256]
Event: 2928.228 Thread 0x000001528d1134f0 Exception <a 'java/lang/ClassNotFoundException'{0x0000000091768038}: org/jetbrains/kotlin/gradle/targets/js/npm/DefaultPeerNpmDependencyExtension$delegate$1BeanInfo> (0x0000000091768038) 
thrown [s\src\hotspot\share\classfile\systemDictionary.cpp, line 256]
Event: 2928.231 Thread 0x000001528d1134f0 Exception <a 'java/lang/ClassNotFoundException'{0x0000000091777c38}: org/jetbrains/kotlin/gradle/targets/js/npm/DefaultPeerNpmDependencyExtension$delegate$1Customizer> (0x0000000091777c38) 
thrown [s\src\hotspot\share\classfile\systemDictionary.cpp, line 256]

VM Operations (20 events):
Event: 2945.605 Executing VM operation: G1Concurrent
Event: 2945.605 Executing VM operation: G1Concurrent done
Event: 2946.473 Executing VM operation: G1CollectForAllocation
Event: 2946.477 Executing VM operation: G1CollectForAllocation done
Event: 2946.865 Executing VM operation: G1CollectForAllocation
Event: 2947.022 Executing VM operation: G1CollectForAllocation done
Event: 2954.473 Executing VM operation: G1CollectForAllocation
Event: 2954.478 Executing VM operation: G1CollectForAllocation done
Event: 2955.745 Executing VM operation: HandshakeAllThreads
Event: 2955.745 Executing VM operation: HandshakeAllThreads done
Event: 2965.011 Executing VM operation: HandshakeAllThreads
Event: 2965.012 Executing VM operation: HandshakeAllThreads done
Event: 2965.012 Executing VM operation: Cleanup
Event: 2965.012 Executing VM operation: Cleanup done
Event: 2966.024 Executing VM operation: Cleanup
Event: 2966.024 Executing VM operation: Cleanup done
Event: 2966.804 Executing VM operation: G1CollectForAllocation
Event: 2966.810 Executing VM operation: G1CollectForAllocation done
Event: 2969.839 Executing VM operation: Cleanup
Event: 2969.839 Executing VM operation: Cleanup done

Events (20 events):
Event: 2924.074 Thread 0x00000152867e1270 flushing nmethod 0x00000152f8156610
Event: 2924.074 Thread 0x00000152867e1270 flushing nmethod 0x00000152f819a590
Event: 2924.074 Thread 0x00000152867e1270 flushing nmethod 0x00000152efbd3e90
Event: 2924.074 Thread 0x00000152867e1270 flushing nmethod 0x00000152efbd4e10
Event: 2924.084 Thread 0x00000152867e1270 flushing nmethod 0x00000152f056c290
Event: 2924.091 Thread 0x00000152867e1270 flushing nmethod 0x00000152f0c59a90
Event: 2924.091 Thread 0x00000152867e1270 flushing nmethod 0x00000152f0c99510
Event: 2924.093 Thread 0x00000152867e1270 flushing nmethod 0x00000152f0e78c90
Event: 2924.094 Thread 0x00000152867e1270 flushing nmethod 0x00000152f0f5d690
Event: 2924.096 Thread 0x00000152867e1270 flushing nmethod 0x00000152f124a490
Event: 2925.198 Thread 0x0000015286a53690 Thread added: 0x0000015286a53690
Event: 2926.989 Thread 0x0000015286a53690 Thread exited: 0x0000015286a53690
Event: 2928.623 Thread 0x0000015286a4f4c0 Thread added: 0x0000015286a4f4c0
Event: 2928.784 Thread 0x0000015286a4f4c0 Thread exited: 0x0000015286a4f4c0
Event: 2937.775 loading class java/util/zip/ZipInputStream
Event: 2937.793 loading class java/util/zip/ZipInputStream done
Event: 2937.793 loading class java/io/PushbackInputStream
Event: 2937.819 loading class java/io/PushbackInputStream done
Event: 2937.869 Thread 0x0000015290ad1a90 Thread added: 0x0000015290ad1a90
Event: 2938.514 Thread 0x0000015290ad1a90 Thread exited: 0x0000015290ad1a90


Dynamic libraries:
0x00007ff74e740000 - 0x00007ff74e74a000 	C:\Program Files\Android\Android Studio1\jbr\bin\java.exe
0x00007ff9c6390000 - 0x00007ff9c657d000 	C:\Windows\SYSTEM32\ntdll.dll
0x00007ff9c4150000 - 0x00007ff9c4203000 	C:\Windows\System32\KERNEL32.DLL
0x00007ff9c3210000 - 0x00007ff9c34a5000 	C:\Windows\System32\KERNELBASE.dll
0x00007ff9c2f40000 - 0x00007ff9c303a000 	C:\Windows\System32\ucrtbase.dll
0x00007ff9ab660000 - 0x00007ff9ab67b000 	C:\Program Files\Android\Android Studio1\jbr\bin\VCRUNTIME140.dll
0x00007ff9b5330000 - 0x00007ff9b5347000 	C:\Program Files\Android\Android Studio1\jbr\bin\jli.dll
0x00007ff9c4280000 - 0x00007ff9c4417000 	C:\Windows\System32\USER32.dll
0x00007ff9c3590000 - 0x00007ff9c35b0000 	C:\Windows\System32\win32u.dll
0x00007ff9c4560000 - 0x00007ff9c4589000 	C:\Windows\System32\GDI32.dll
0x00007ff9c2640000 - 0x00007ff9c27dc000 	C:\Windows\System32\gdi32full.dll
0x00007ff9c3170000 - 0x00007ff9c3210000 	C:\Windows\System32\msvcp_win.dll
0x00007ff9b2940000 - 0x00007ff9b2bb9000 	C:\Windows\WinSxS\amd64_microsoft.windows.common-controls_6595b64144ccf1df_6.0.17763.1577_none_de7444545348a3d0\COMCTL32.dll
0x00007ff9c4a40000 - 0x00007ff9c4ade000 	C:\Windows\System32\msvcrt.dll
0x00007ff9c3ad0000 - 0x00007ff9c3dfd000 	C:\Windows\System32\combase.dll
0x00007ff9c3fc0000 - 0x00007ff9c40e2000 	C:\Windows\System32\RPCRT4.dll
0x00007ff9c30f0000 - 0x00007ff9c316e000 	C:\Windows\System32\bcryptPrimitives.dll
0x00007ff9c5fe0000 - 0x00007ff9c600e000 	C:\Windows\System32\IMM32.DLL
0x00007ff9ac7d0000 - 0x00007ff9ac7dc000 	C:\Program Files\Android\Android Studio1\jbr\bin\vcruntime140_1.dll
0x00007ff988c10000 - 0x00007ff988c9d000 	C:\Program Files\Android\Android Studio1\jbr\bin\msvcp140.dll
0x00007ff95f9c0000 - 0x00007ff960640000 	C:\Program Files\Android\Android Studio1\jbr\bin\server\jvm.dll
0x00007ff9c4990000 - 0x00007ff9c4a33000 	C:\Windows\System32\ADVAPI32.dll
0x00007ff9c3a30000 - 0x00007ff9c3ace000 	C:\Windows\System32\sechost.dll
0x00007ff9b8a80000 - 0x00007ff9b8a89000 	C:\Windows\SYSTEM32\WSOCK32.dll
0x00007ff9c4440000 - 0x00007ff9c44ad000 	C:\Windows\System32\WS2_32.dll
0x00007ff9bf540000 - 0x00007ff9bf564000 	C:\Windows\SYSTEM32\WINMM.dll
0x00007ff9bf510000 - 0x00007ff9bf53d000 	C:\Windows\SYSTEM32\winmmbase.dll
0x00007ff9b0d60000 - 0x00007ff9b0d6a000 	C:\Windows\SYSTEM32\VERSION.dll
0x00007ff9c34e0000 - 0x00007ff9c352a000 	C:\Windows\System32\cfgmgr32.dll
0x00007ff9c2420000 - 0x00007ff9c2431000 	C:\Windows\System32\kernel.appcore.dll
0x00007ff9b7140000 - 0x00007ff9b714a000 	C:\Program Files\Android\Android Studio1\jbr\bin\jimage.dll
0x00007ff9c1d90000 - 0x00007ff9c1f7d000 	C:\Windows\SYSTEM32\DBGHELP.DLL
0x00007ff9c1d60000 - 0x00007ff9c1d8a000 	C:\Windows\SYSTEM32\dbgcore.DLL
0x00007ff9b57d0000 - 0x00007ff9b57de000 	C:\Program Files\Android\Android Studio1\jbr\bin\instrument.dll
0x00007ff9b5870000 - 0x00007ff9b5895000 	C:\Program Files\Android\Android Studio1\jbr\bin\java.dll
0x00007ff9b6aa0000 - 0x00007ff9b6ab8000 	C:\Program Files\Android\Android Studio1\jbr\bin\zip.dll
0x00007ff9c4ae0000 - 0x00007ff9c5fd9000 	C:\Windows\System32\SHELL32.dll
0x00007ff9c44b0000 - 0x00007ff9c4558000 	C:\Windows\System32\shcore.dll
0x00007ff9c27e0000 - 0x00007ff9c2f33000 	C:\Windows\System32\windows.storage.dll
0x00007ff9c2370000 - 0x00007ff9c2394000 	C:\Windows\System32\profapi.dll
0x00007ff9c23a0000 - 0x00007ff9c23fd000 	C:\Windows\System32\powrprof.dll
0x00007ff9c4210000 - 0x00007ff9c4262000 	C:\Windows\System32\shlwapi.dll
0x00007ff9c2440000 - 0x00007ff9c2457000 	C:\Windows\System32\cryptsp.dll
0x00007ff9b5850000 - 0x00007ff9b5869000 	C:\Program Files\Android\Android Studio1\jbr\bin\net.dll
0x00007ff9b7560000 - 0x00007ff9b7654000 	C:\Windows\SYSTEM32\WINHTTP.dll
0x00007ff9c17c0000 - 0x00007ff9c1827000 	C:\Windows\system32\mswsock.dll
0x00007ff9b5830000 - 0x00007ff9b5846000 	C:\Program Files\Android\Android Studio1\jbr\bin\nio.dll
0x00007ff9b5820000 - 0x00007ff9b5830000 	C:\Program Files\Android\Android Studio1\jbr\bin\verify.dll
0x00007ff9bd930000 - 0x00007ff9bd957000 	C:\Users\MY PC\.gradle\native\68d5fa5c4cc2d200863cafc0d521ce42e7d3e7ee720ec0a83991735586a16f82\windows-amd64\native-platform.dll
0x00007ff984610000 - 0x00007ff984754000 	C:\Users\MY PC\.gradle\native\e376f236ea51e6404a007f0833ffe2c6e607c4080706a723a18a27aeea778392\windows-amd64\native-platform-file-events.dll
0x00007ff9b5810000 - 0x00007ff9b5819000 	C:\Program Files\Android\Android Studio1\jbr\bin\management.dll
0x00007ff9b57e0000 - 0x00007ff9b57eb000 	C:\Program Files\Android\Android Studio1\jbr\bin\management_ext.dll
0x00007ff9c4270000 - 0x00007ff9c4278000 	C:\Windows\System32\PSAPI.DLL
0x00007ff9c1320000 - 0x00007ff9c1353000 	C:\Windows\system32\rsaenh.dll
0x00007ff9c34b0000 - 0x00007ff9c34d6000 	C:\Windows\System32\bcrypt.dll
0x00007ff9c2270000 - 0x00007ff9c2299000 	C:\Windows\SYSTEM32\USERENV.dll
0x00007ff9c1990000 - 0x00007ff9c199c000 	C:\Windows\SYSTEM32\CRYPTBASE.dll
0x00007ff9c14e0000 - 0x00007ff9c151d000 	C:\Windows\SYSTEM32\IPHLPAPI.DLL
0x00007ff9c3e00000 - 0x00007ff9c3e08000 	C:\Windows\System32\NSI.dll
0x00007ff9b7d00000 - 0x00007ff9b7d16000 	C:\Windows\SYSTEM32\dhcpcsvc6.DLL
0x00007ff9b7dd0000 - 0x00007ff9b7dec000 	C:\Windows\SYSTEM32\dhcpcsvc.DLL
0x00007ff9c1520000 - 0x00007ff9c15e6000 	C:\Windows\SYSTEM32\DNSAPI.dll
0x00007ff9b5960000 - 0x00007ff9b5967000 	C:\Windows\system32\wshunix.dll
0x00007ff9b7050000 - 0x00007ff9b705a000 	C:\Windows\System32\rasadhlp.dll
0x00007ff9b73f0000 - 0x00007ff9b7469000 	C:\Windows\System32\fwpuclnt.dll

dbghelp: loaded successfully - version: 4.0.5 - missing functions: none
symbol engine: initialized successfully - sym options: 0x614 - pdb path: .;C:\Program Files\Android\Android Studio1\jbr\bin;C:\Windows\SYSTEM32;C:\Windows\WinSxS\amd64_microsoft.windows.common-controls_6595b64144ccf1df_6.0.17763.1577_none_de7444545348a3d0;C:\Program Files\Android\Android Studio1\jbr\bin\server;C:\Users\MY PC\.gradle\native\68d5fa5c4cc2d200863cafc0d521ce42e7d3e7ee720ec0a83991735586a16f82\windows-amd64;C:\Users\MY PC\.gradle\native\e376f236ea51e6404a007f0833ffe2c6e607c4080706a723a18a27aeea778392\windows-amd64

VM Arguments:
jvm_args: --add-opens=java.base/java.util=ALL-UNNAMED --add-opens=java.base/java.lang=ALL-UNNAMED --add-opens=java.base/java.lang.invoke=ALL-UNNAMED --add-opens=java.prefs/java.util.prefs=ALL-UNNAMED --add-opens=java.base/java.nio.charset=ALL-UNNAMED --add-opens=java.base/java.net=ALL-UNNAMED --add-opens=java.base/java.util.concurrent.atomic=ALL-UNNAMED -Xmx2048m -Dfile.encoding=UTF-8 -Duser.country=FR -Duser.language=fr -Duser.variant -javaagent:C:\Users\MY PC\.gradle\wrapper\dists\gradle-8.2.1-all\d8pvvlun5bx6sdtwqhf8y9z4b\gradle-8.2.1\lib\agents\gradle-instrumentation-agent-8.2.1.jar 
java_command: org.gradle.launcher.daemon.bootstrap.GradleDaemon 8.2.1
java_class_path (initial): C:\Users\MY PC\.gradle\wrapper\dists\gradle-8.2.1-all\d8pvvlun5bx6sdtwqhf8y9z4b\gradle-8.2.1\lib\gradle-launcher-8.2.1.jar
Launcher Type: SUN_STANDARD

[Global flags]
     intx CICompilerCount                          = 3                                         {product} {ergonomic}
     uint ConcGCThreads                            = 1                                         {product} {ergonomic}
     uint G1ConcRefinementThreads                  = 4                                         {product} {ergonomic}
   size_t G1HeapRegionSize                         = 1048576                                   {product} {ergonomic}
    uintx GCDrainStackTargetSize                   = 64                                        {product} {ergonomic}
   size_t InitialHeapSize                          = 134217728                                 {product} {ergonomic}
   size_t MarkStackSize                            = 4194304                                   {product} {ergonomic}
   size_t MaxHeapSize                              = 2147483648                                {product} {command line}
   size_t MaxNewSize                               = 1287651328                                {product} {ergonomic}
   size_t MinHeapDeltaBytes                        = 1048576                                   {product} {ergonomic}
   size_t MinHeapSize                              = 8388608                                   {product} {ergonomic}
    uintx NonNMethodCodeHeapSize                   = 5832780                                {pd product} {ergonomic}
    uintx NonProfiledCodeHeapSize                  = 122912730                              {pd product} {ergonomic}
    uintx ProfiledCodeHeapSize                     = 122912730                              {pd product} {ergonomic}
    uintx ReservedCodeCacheSize                    = 251658240                              {pd product} {ergonomic}
     bool SegmentedCodeCache                       = true                                      {product} {ergonomic}
   size_t SoftMaxHeapSize                          = 2147483648                             {manageable} {ergonomic}
     bool UseCompressedClassPointers               = true                           {product lp64_product} {ergonomic}
     bool UseCompressedOops                        = true                           {product lp64_product} {ergonomic}
     bool UseG1GC                                  = true                                      {product} {ergonomic}
     bool UseLargePagesIndividualAllocation        = false                                  {pd product} {ergonomic}

Logging:
Log output configuration:
 #0: stdout all=warning uptime,level,tags
 #1: stderr all=off uptime,level,tags

Environment Variables:
PATH=C:\Program Files\Java\jdk-17\bin;C:\Program Files\Common Files\Oracle\Java\javapath;C:\Windows\system32;C:\Windows;C:\Windows\System32\Wbem;C:\Windows\System32\WindowsPowerShell\v1.0\;C:\Windows\System32\OpenSSH\;C:\Program Files\Java\jdk-17\bin;C:\Program Files\Git\cmd;C:\Program Files\MySQL\MySQL Shell 8.0\bin\;C:\Users\MY PC\AppData\Local\Microsoft\WindowsApps;C:\Users\MY PC\AppData\Local\Programs\Microsoft VS Code\bin;C:\Users\MY PC\AppData\Local\GitHubDesktop\bin;C:\Windows\System32;
USERNAME=MY PC
OS=Windows_NT
PROCESSOR_IDENTIFIER=Intel64 Family 6 Model 69 Stepping 1, GenuineIntel
TMP=C:\Users\MYPC~1\AppData\Local\Temp
TEMP=C:\Users\MYPC~1\AppData\Local\Temp


JNI global refs:
JNI global refs: 28, weak refs: 5

JNI global refs memory usage: 843, weak refs: 841

OOME stack traces (most recent first):
Classloader memory used:
